[01m[K/home/buhrmann/ws_moveit/src/edit_planning_scene/src/add_object_to_planning_scene.cpp:[m[K In member function â€˜[01m[Kvoid AddObjectToPlanningScene::addObjectsToScene()[m[Kâ€™:
[01m[K/home/buhrmann/ws_moveit/src/edit_planning_scene/src/add_object_to_planning_scene.cpp:238:5:[m[K [01;31m[Kerror: [m[Kâ€˜[01m[Kplanning_scene_[m[Kâ€™ was not declared in this scope
  238 |     [01;31m[Kplanning_scene_[m[K.object_colors.push_back(box_color);
      |     [01;31m[K^~~~~~~~~~~~~~~[m[K
gmake[2]: *** [CMakeFiles/add_object_to_planning_scene_node.dir/build.make:76: CMakeFiles/add_object_to_planning_scene_node.dir/src/add_object_to_planning_scene.cpp.o] Error 1
gmake[1]: *** [CMakeFiles/Makefile2:137: CMakeFiles/add_object_to_planning_scene_node.dir/all] Error 2
gmake: *** [Makefile:146: all] Error 2
