[35m[1mConsolidate compiler generated dependencies of target ur5_pickup_sensor[0m
[ 12%] Built target ur5_drop_sensor
[ 25%] Built target ur5_read_positions
[ 37%] Built target gripper_open_moveit_test
[ 62%] Built target ur5_moveit_test_object_detection
[ 62%] Built target gripper_close_moveit_test
[ 68%] [32mBuilding CXX object CMakeFiles/ur5_pickup_sensor.dir/src/ur5_pickup_sensor.cpp.o[0m
[ 81%] Built target ur5_moveit_test
[ 93%] Built target ur5_moveit_test_launch
[01m[K/home/buhrmann/ws_moveit/src/ur5_moveit_test/src/ur5_pickup_sensor.cpp:[m[K In function â€˜[01m[Kint main(int, char**)[m[Kâ€™:
[01m[K/home/buhrmann/ws_moveit/src/ur5_moveit_test/src/ur5_pickup_sensor.cpp:379:3:[m[K [01;31m[Kerror: [m[Kâ€˜[01m[Kmove_group[m[Kâ€™ was not declared in this scope
  379 |   [01;31m[Kmove_group[m[K.setStartStateToCurrentState();
      |   [01;31m[K^~~~~~~~~~[m[K
gmake[2]: *** [CMakeFiles/ur5_pickup_sensor.dir/build.make:76: CMakeFiles/ur5_pickup_sensor.dir/src/ur5_pickup_sensor.cpp.o] Error 1
gmake[1]: *** [CMakeFiles/Makefile2:307: CMakeFiles/ur5_pickup_sensor.dir/all] Error 2
gmake: *** [Makefile:146: all] Error 2
