[01m[K/home/buhrmann/ws_moveit/src/point_cloud_circle_detector/src/cup_pointcloud_segmentation_and_coloring.cpp:[m[K In member function â€˜[01m[Kvoid PointCloudGenerator::pointCloudCallback(std_msgs::msg::Float32MultiArray_<std::allocator<void> >::SharedPtr)[m[Kâ€™:
[01m[K/home/buhrmann/ws_moveit/src/point_cloud_circle_detector/src/cup_pointcloud_segmentation_and_coloring.cpp:129:39:[m[K [01;31m[Kerror: [m[Kâ€˜[01m[Kusing element_type = class cv_bridge::CvImage[m[Kâ€™ {aka â€˜[01m[Kclass cv_bridge::CvImage[m[Kâ€™} has no member named â€˜[01m[Krotated_rgb_image[m[Kâ€™
  129 |                     rgb = rgb_cv_ptr->[01;31m[Krotated_rgb_image[m[K.at<cv::Vec3b>(data[i+2], data[i+1]);
      |                                       [01;31m[K^~~~~~~~~~~~~~~~~[m[K
[01m[K/home/buhrmann/ws_moveit/src/point_cloud_circle_detector/src/cup_pointcloud_segmentation_and_coloring.cpp:129:69:[m[K [01;31m[Kerror: [m[Kexpected primary-expression before â€˜[01m[K>[m[Kâ€™ token
  129 |                     rgb = rgb_cv_ptr->rotated_rgb_image.at<cv::Vec3b[01;31m[K>[m[K(data[i+2], data[i+1]);
      |                                                                     [01;31m[K^[m[K
gmake[2]: *** [CMakeFiles/cup_pointcloud_segmentation_color.dir/build.make:76: CMakeFiles/cup_pointcloud_segmentation_color.dir/src/cup_pointcloud_segmentation_and_coloring.cpp.o] Error 1
gmake[1]: *** [CMakeFiles/Makefile2:393: CMakeFiles/cup_pointcloud_segmentation_color.dir/all] Error 2
gmake: *** [Makefile:146: all] Error 2
