[35m[1mConsolidate compiler generated dependencies of target point_cloud_plantpot_rgb_edge_pfh_detector[0m
[ 12%] Built target point_cloud_circle_detector
[ 25%] Built target point_cloud_plantpot_pfh_detector
[ 37%] Built target point_cloud_plantpot_edge_pfh_detector
[ 50%] Built target point_cloud_plantpot_detector
[ 62%] Built target point_cloud_cylinder_detector
[ 75%] Built target rgb_edge_filter
[ 87%] Built target point_cloud_plantpot_ppf_detector
[ 93%] [32mBuilding CXX object CMakeFiles/point_cloud_plantpot_rgb_edge_pfh_detector.dir/src/point_cloud_plantpot_rgb_edge_pfh_detector.cpp.o[0m
[01m[K/home/buhrmann/ws_moveit/src/point_cloud_circle_detector/src/point_cloud_plantpot_rgb_edge_pfh_detector.cpp:[m[K In member function â€˜[01m[Kvoid PointCloudCustomObjectMatcher::listener_callback(sensor_msgs::msg::PointCloud2_<std::allocator<void> >::SharedPtr)[m[Kâ€™:
[01m[K/home/buhrmann/ws_moveit/src/point_cloud_circle_detector/src/point_cloud_plantpot_rgb_edge_pfh_detector.cpp:250:36:[m[K [01;31m[Kerror: [m[Kâ€˜[01m[Kcloud_xyz[m[Kâ€™ was not declared in this scope; did you mean â€˜[01m[Kcloud_rgb[m[Kâ€™?
  250 |         unorganised_edges->width = [01;31m[Kcloud_xyz[m[K->points.size();
      |                                    [01;31m[K^~~~~~~~~[m[K
      |                                    [32m[Kcloud_rgb[m[K
gmake[2]: *** [CMakeFiles/point_cloud_plantpot_rgb_edge_pfh_detector.dir/build.make:76: CMakeFiles/point_cloud_plantpot_rgb_edge_pfh_detector.dir/src/point_cloud_plantpot_rgb_edge_pfh_detector.cpp.o] Error 1
gmake[1]: *** [CMakeFiles/Makefile2:307: CMakeFiles/point_cloud_plantpot_rgb_edge_pfh_detector.dir/all] Error 2
gmake: *** [Makefile:146: all] Error 2
