[0.009s] Invoking command in '/home/buhrmann/ws_moveit/build/point_cloud_circle_detector': CMAKE_PREFIX_PATH=${CMAKE_PREFIX_PATH}:/home/buhrmann/ws_moveit/install/moveit_configs_utils:/opt/ros/iron /usr/bin/cmake --build /home/buhrmann/ws_moveit/build/point_cloud_circle_detector -- -j28 -l28
[0.053s] [35m[1mConsolidate compiler generated dependencies of target point_cloud_plantpot_rgb_edge_pfh_detector[0m
[0.061s] [ 12%] Built target point_cloud_circle_detector
[0.062s] [ 25%] Built target point_cloud_plantpot_pfh_detector
[0.063s] [ 37%] Built target point_cloud_plantpot_edge_pfh_detector
[0.064s] [ 50%] Built target point_cloud_plantpot_detector
[0.066s] [ 62%] Built target point_cloud_cylinder_detector
[0.067s] [ 75%] Built target rgb_edge_filter
[0.070s] [ 87%] Built target point_cloud_plantpot_ppf_detector
[0.075s] [ 93%] [32mBuilding CXX object CMakeFiles/point_cloud_plantpot_rgb_edge_pfh_detector.dir/src/point_cloud_plantpot_rgb_edge_pfh_detector.cpp.o[0m
[4.110s] [01m[K/home/buhrmann/ws_moveit/src/point_cloud_circle_detector/src/point_cloud_plantpot_rgb_edge_pfh_detector.cpp:[m[K In member function â€˜[01m[Kvoid PointCloudCustomObjectMatcher::listener_callback(sensor_msgs::msg::PointCloud2_<std::allocator<void> >::SharedPtr)[m[Kâ€™:
[4.110s] [01m[K/home/buhrmann/ws_moveit/src/point_cloud_circle_detector/src/point_cloud_plantpot_rgb_edge_pfh_detector.cpp:250:36:[m[K [01;31m[Kerror: [m[Kâ€˜[01m[Kcloud_xyz[m[Kâ€™ was not declared in this scope; did you mean â€˜[01m[Kcloud_rgb[m[Kâ€™?
[4.110s]   250 |         unorganised_edges->width = [01;31m[Kcloud_xyz[m[K->points.size();
[4.110s]       |                                    [01;31m[K^~~~~~~~~[m[K
[4.110s]       |                                    [32m[Kcloud_rgb[m[K
[11.744s] gmake[2]: *** [CMakeFiles/point_cloud_plantpot_rgb_edge_pfh_detector.dir/build.make:76: CMakeFiles/point_cloud_plantpot_rgb_edge_pfh_detector.dir/src/point_cloud_plantpot_rgb_edge_pfh_detector.cpp.o] Error 1
[11.745s] gmake[1]: *** [CMakeFiles/Makefile2:307: CMakeFiles/point_cloud_plantpot_rgb_edge_pfh_detector.dir/all] Error 2
[11.745s] gmake: *** [Makefile:146: all] Error 2
[11.747s] Invoked command in '/home/buhrmann/ws_moveit/build/point_cloud_circle_detector' returned '2': CMAKE_PREFIX_PATH=${CMAKE_PREFIX_PATH}:/home/buhrmann/ws_moveit/install/moveit_configs_utils:/opt/ros/iron /usr/bin/cmake --build /home/buhrmann/ws_moveit/build/point_cloud_circle_detector -- -j28 -l28
