[35m[1mConsolidate compiler generated dependencies of target point_cloud_plantpot_edge_pfh_detector[0m
[ 16%] Built target point_cloud_plantpot_pfh_detector
[ 25%] [32mBuilding CXX object CMakeFiles/point_cloud_plantpot_edge_pfh_detector.dir/src/point_cloud_plantpot_edge_pfh_detector.cpp.o[0m
[ 41%] Built target point_cloud_plantpot_detector
[ 58%] Built target point_cloud_cylinder_detector
[ 75%] Built target point_cloud_circle_detector
[ 91%] Built target point_cloud_plantpot_ppf_detector
[01m[K/home/buhrmann/ws_moveit/src/point_cloud_circle_detector/src/point_cloud_plantpot_edge_pfh_detector.cpp:[m[K In function â€˜[01m[Kint main()[m[Kâ€™:
[01m[K/home/buhrmann/ws_moveit/src/point_cloud_circle_detector/src/point_cloud_plantpot_edge_pfh_detector.cpp:26:10:[m[K [01;31m[Kerror: [m[Kâ€˜[01m[Kpcl::search[m[Kâ€™ has not been declared
   26 |     pcl::[01;31m[Ksearch[m[K::KdTree<pcl::PointXYZ>::Ptr tree(new pcl::search::KdTree<pcl::PointXYZ>());
      |          [01;31m[K^~~~~~[m[K
[01m[K/home/buhrmann/ws_moveit/src/point_cloud_circle_detector/src/point_cloud_plantpot_edge_pfh_detector.cpp:26:38:[m[K [01;31m[Kerror: [m[Kexpected primary-expression before â€˜[01m[K>[m[Kâ€™ token
   26 |     pcl::search::KdTree<pcl::PointXYZ[01;31m[K>[m[K::Ptr tree(new pcl::search::KdTree<pcl::PointXYZ>());
      |                                      [01;31m[K^[m[K
[01m[K/home/buhrmann/ws_moveit/src/point_cloud_circle_detector/src/point_cloud_plantpot_edge_pfh_detector.cpp:26:41:[m[K [01;31m[Kerror: [m[Kâ€˜[01m[K::Ptr[m[Kâ€™ has not been declared
   26 |     pcl::search::KdTree<pcl::PointXYZ>::[01;31m[KPtr[m[K tree(new pcl::search::KdTree<pcl::PointXYZ>());
      |                                         [01;31m[K^~~[m[K
[01m[K/home/buhrmann/ws_moveit/src/point_cloud_circle_detector/src/point_cloud_plantpot_edge_pfh_detector.cpp:27:19:[m[K [01;31m[Kerror: [m[Kâ€˜[01m[Kclass pcl::OrganizedEdgeBase<pcl::PointXYZ, pcl::PointXYZ>[m[Kâ€™ has no member named â€˜[01m[KsetSearchMethod[m[Kâ€™
   27 |     edge_detector.[01;31m[KsetSearchMethod[m[K(tree);
      |                   [01;31m[K^~~~~~~~~~~~~~~[m[K
[01m[K/home/buhrmann/ws_moveit/src/point_cloud_circle_detector/src/point_cloud_plantpot_edge_pfh_detector.cpp:27:35:[m[K [01;31m[Kerror: [m[Kâ€˜[01m[Ktree[m[Kâ€™ was not declared in this scope; did you mean â€˜[01m[Ktee[m[Kâ€™?
   27 |     edge_detector.setSearchMethod([01;31m[Ktree[m[K);
      |                                   [01;31m[K^~~~[m[K
      |                                   [32m[Ktee[m[K
[01m[K/home/buhrmann/ws_moveit/src/point_cloud_circle_detector/src/point_cloud_plantpot_edge_pfh_detector.cpp:33:26:[m[K [01;31m[Kerror: [m[Kno matching function for call to â€˜[01m[Kpcl::OrganizedEdgeBase<pcl::PointXYZ, pcl::PointXYZ>::compute(std::__shared_ptr_access<pcl::PointCloud<pcl::PointXYZ>, __gnu_cxx::_S_atomic, false, false>::element_type&)[m[Kâ€™
   33 |     [01;31m[Kedge_detector.compute(*edges)[m[K;
      |     [01;31m[K~~~~~~~~~~~~~~~~~~~~~^~~~~~~~[m[K
In file included from [01m[K/usr/include/pcl-1.12/pcl/features/organized_edge_detection.h:429[m[K,
                 from [01m[K/home/buhrmann/ws_moveit/src/point_cloud_circle_detector/src/point_cloud_plantpot_edge_pfh_detector.cpp:5[m[K:
[01m[K/usr/include/pcl-1.12/pcl/features/impl/organized_edge_detection.hpp:52:1:[m[K [01;36m[Knote: [m[Kcandidate: â€˜[01m[Kvoid pcl::OrganizedEdgeBase<PointT, PointLT>::compute(pcl::PointCloud<PointOutT>&, std::vector<pcl::PointIndices>&) const [with PointT = pcl::PointXYZ; PointLT = pcl::PointXYZ][m[Kâ€™
   52 | [01;36m[Kpcl[m[K::OrganizedEdgeBase<PointT, PointLT>::compute (pcl::PointCloud<PointLT>& labels, std::vector<pcl::PointIndices>& label_indices) const
      | [01;36m[K^~~[m[K
[01m[K/usr/include/pcl-1.12/pcl/features/impl/organized_edge_detection.hpp:52:1:[m[K [01;36m[Knote: [m[K  candidate expects 2 arguments, 1 provided
[01m[K/home/buhrmann/ws_moveit/src/point_cloud_circle_detector/src/point_cloud_plantpot_edge_pfh_detector.cpp:36:80:[m[K [01;31m[Kerror: [m[Kâ€˜[01m[Kedge_cloud[m[Kâ€™ was not declared in this scope
   36 |     pcl::io::savePCDFile("/home/buhrmann/Desktop/Pointcloud_Tests/edges.pcd", *[01;31m[Kedge_cloud[m[K);
      |                                                                                [01;31m[K^~~~~~~~~~[m[K
gmake[2]: *** [CMakeFiles/point_cloud_plantpot_edge_pfh_detector.dir/build.make:76: CMakeFiles/point_cloud_plantpot_edge_pfh_detector.dir/src/point_cloud_plantpot_edge_pfh_detector.cpp.o] Error 1
gmake[1]: *** [CMakeFiles/Makefile2:277: CMakeFiles/point_cloud_plantpot_edge_pfh_detector.dir/all] Error 2
gmake: *** [Makefile:146: all] Error 2
