[0.044s] Invoking command in '/home/buhrmann/ws_moveit/build/ur5_moveit_test': AMENT_PREFIX_PATH=/home/buhrmann/ws_moveit/install/moveit_configs_utils:/home/buhrmann/ws_moveit/install/ur5_moveit_test:/home/buhrmann/ws_moveit/install/ur5_camera_moveit_config2:/home/buhrmann/ws_moveit/install/ur5_camera_moveit_config:/home/buhrmann/ws_moveit/install/ur5_description_controller:/home/buhrmann/ws_moveit/install/ur3_camera_moveit_config:/home/buhrmann/ws_moveit/install/ur3_description_controller:/home/buhrmann/ws_moveit/install/robotiq_hardware_tests:/home/buhrmann/ws_moveit/install/robotiq_driver:/home/buhrmann/ws_moveit/install/serial:/home/buhrmann/ws_moveit/install/moveit2_tutorials:/home/buhrmann/ws_moveit/install/moveit_visual_tools:/home/buhrmann/ws_moveit/install/rviz_visual_tools:/home/buhrmann/ws_moveit/install/moveit_task_constructor_visualization:/home/buhrmann/ws_moveit/install/moveit_task_constructor_demo:/home/buhrmann/ws_moveit/install/moveit_task_constructor_capabilities:/home/buhrmann/ws_moveit/install/moveit_task_constructor_core:/home/buhrmann/ws_moveit/install/rviz_marker_tools:/home/buhrmann/ws_moveit/install/ros2_azure_bridge:/home/buhrmann/ws_moveit/install/picknik_accessories:/home/buhrmann/ws_moveit/install/kortex_bringup:/home/buhrmann/ws_moveit/install/kinova_gen3_lite_moveit_config:/home/buhrmann/ws_moveit/install/kinova_gen3_7dof_robotiq_2f_85_moveit_config:/home/buhrmann/ws_moveit/install/kinova_gen3_6dof_robotiq_2f_85_moveit_config:/home/buhrmann/ws_moveit/install/kortex_description:/home/buhrmann/ws_moveit/install/robotiq_description:/home/buhrmann/ws_moveit/install/robotiq_controllers:/home/buhrmann/ws_moveit/install/ppf_test_pkg:/home/buhrmann/ws_moveit/install/point_cloud_circle_detector:/home/buhrmann/ws_moveit/install/pilz_industrial_motion_planner_testutils:/home/buhrmann/ws_moveit/install/moveit_runtime:/home/buhrmann/ws_moveit/install/moveit:/home/buhrmann/ws_moveit/install/moveit_planners:/home/buhrmann/ws_moveit/install/pilz_industrial_motion_planner:/home/buhrmann/ws_moveit/install/pick_ik:/home/buhrmann/ws_moveit/install/object_detection_pcl:/home/buhrmann/ws_moveit/install/object_detection:/home/buhrmann/ws_moveit/install/object_creation:/home/buhrmann/ws_moveit/install/moveit_task_constructor_msgs:/home/buhrmann/ws_moveit/install/moveit_ros_control_interface:/home/buhrmann/ws_moveit/install/moveit_plugins:/home/buhrmann/ws_moveit/install/moveit_simple_controller_manager:/home/buhrmann/ws_moveit/install/moveit_setup_assistant:/home/buhrmann/ws_moveit/install/moveit_setup_srdf_plugins:/home/buhrmann/ws_moveit/install/moveit_setup_core_plugins:/home/buhrmann/ws_moveit/install/moveit_setup_controllers:/home/buhrmann/ws_moveit/install/moveit_setup_app_plugins:/home/buhrmann/ws_moveit/install/moveit_setup_framework:/home/buhrmann/ws_moveit/install/moveit_servo:/home/buhrmann/ws_moveit/install/moveit_ros_trajectory_cache:/home/buhrmann/ws_moveit/install/moveit_ros:/home/buhrmann/ws_moveit/install/moveit_ros_visualization:/home/buhrmann/ws_moveit/install/moveit_py:/home/buhrmann/ws_moveit/install/moveit_hybrid_planning:/home/buhrmann/ws_moveit/install/edit_planning_scene:/home/buhrmann/ws_moveit/install/moveit_ros_planning_interface:/home/buhrmann/ws_moveit/install/moveit_ros_benchmarks:/home/buhrmann/ws_moveit/install/moveit_ros_warehouse:/home/buhrmann/ws_moveit/install/moveit_ros_robot_interaction:/home/buhrmann/ws_moveit/install/moveit_ros_perception:/home/buhrmann/ws_moveit/install/moveit_resources_prbt_pg70_support:/home/buhrmann/ws_moveit/install/moveit_resources_prbt_moveit_config:/home/buhrmann/ws_moveit/install/moveit_ros_move_group:/home/buhrmann/ws_moveit/install/moveit_planners_ompl:/home/buhrmann/ws_moveit/install/moveit_kinematics:/home/buhrmann/ws_moveit/install/moveit_ros_planning:/home/buhrmann/ws_moveit/install/moveit_ros_occupancy_map_monitor:/home/buhrmann/ws_moveit/install/moveit_resources_prbt_support:/home/buhrmann/ws_moveit/install/moveit_resources_prbt_ikfast_manipulator_plugin:/home/buhrmann/ws_moveit/install/moveit_resources:/home/buhrmann/ws_moveit/install/moveit_resources_pr2_description:/home/buhrmann/ws_moveit/install/moveit_resources_panda_moveit_config:/home/buhrmann/ws_moveit/install/dual_arm_panda_moveit_config:/home/buhrmann/ws_moveit/install/moveit_resources_panda_description:/home/buhrmann/ws_moveit/install/moveit_resources_fanuc_moveit_config:/home/buhrmann/ws_moveit/install/moveit_resources_fanuc_description:/home/buhrmann/ws_moveit/install/moveit_planners_stomp:/home/buhrmann/ws_moveit/install/moveit_planners_chomp:/home/buhrmann/ws_moveit/install/chomp_motion_planner:/home/buhrmann/ws_moveit/install/moveit_core:/home/buhrmann/ws_moveit/install/moveit_msgs:/home/buhrmann/ws_moveit/install/moveit_common:/home/buhrmann/ws_moveit/install/kortex_driver:/home/buhrmann/ws_moveit/install/kortex_api:/home/buhrmann/ws_moveit/install/common_services_package:/opt/ros/iron CMAKE_PREFIX_PATH=/home/buhrmann/ws_moveit/install/moveit_ros_planning_interface:/home/buhrmann/ws_moveit/install/moveit_ros_move_group:/home/buhrmann/ws_moveit/install/moveit_visual_tools:/home/buhrmann/ws_moveit/install/moveit_ros_warehouse:/home/buhrmann/ws_moveit/install/moveit_kinematics:/home/buhrmann/ws_moveit/install/moveit_ros_planning:/home/buhrmann/ws_moveit/install/moveit_simple_controller_manager:/home/buhrmann/ws_moveit/install/moveit_ros_occupancy_map_monitor:/home/buhrmann/ws_moveit/install/moveit_core:/home/buhrmann/ws_moveit/install/moveit_resources_panda_moveit_config:/home/buhrmann/ws_moveit/install/moveit_resources_fanuc_moveit_config:/home/buhrmann/ws_moveit/install/rviz_visual_tools:/home/buhrmann/ws_moveit/install/moveit_resources_pr2_description:/home/buhrmann/ws_moveit/install/moveit_resources_panda_description:/home/buhrmann/ws_moveit/install/moveit_resources_fanuc_description:/home/buhrmann/ws_moveit/install/moveit_msgs:/home/buhrmann/ws_moveit/install/moveit_common:/home/buhrmann/ws_moveit/install/ur5_moveit_test:/home/buhrmann/ws_moveit/install/ur5_camera_moveit_config2:/home/buhrmann/ws_moveit/install/ur5_camera_moveit_config:/home/buhrmann/ws_moveit/install/ur5_description_controller:/home/buhrmann/ws_moveit/install/ur3_camera_moveit_config:/home/buhrmann/ws_moveit/install/ur3_description_controller:/home/buhrmann/ws_moveit/install/robotiq_hardware_tests:/home/buhrmann/ws_moveit/install/robotiq_driver:/home/buhrmann/ws_moveit/install/serial:/home/buhrmann/ws_moveit/install/moveit2_tutorials:/home/buhrmann/ws_moveit/install/moveit_task_constructor_visualization:/home/buhrmann/ws_moveit/install/moveit_task_constructor_demo:/home/buhrmann/ws_moveit/install/moveit_task_constructor_capabilities:/home/buhrmann/ws_moveit/install/moveit_task_constructor_core:/home/buhrmann/ws_moveit/install/rviz_marker_tools:/home/buhrmann/ws_moveit/install/picknik_accessories:/home/buhrmann/ws_moveit/install/kortex_bringup:/home/buhrmann/ws_moveit/install/kinova_gen3_lite_moveit_config:/home/buhrmann/ws_moveit/install/kinova_gen3_7dof_robotiq_2f_85_moveit_config:/home/buhrmann/ws_moveit/install/kinova_gen3_6dof_robotiq_2f_85_moveit_config:/home/buhrmann/ws_moveit/install/kortex_description:/home/buhrmann/ws_moveit/install/robotiq_description:/home/buhrmann/ws_moveit/install/robotiq_controllers:/home/buhrmann/ws_moveit/install/ppf_test_pkg:/home/buhrmann/ws_moveit/install/point_cloud_circle_detector:/home/buhrmann/ws_moveit/install/pilz_industrial_motion_planner_testutils:/home/buhrmann/ws_moveit/install/moveit_runtime:/home/buhrmann/ws_moveit/install/moveit:/home/buhrmann/ws_moveit/install/moveit_planners:/home/buhrmann/ws_moveit/install/pilz_industrial_motion_planner:/home/buhrmann/ws_moveit/install/pick_ik:/home/buhrmann/ws_moveit/install/object_detection_pcl:/home/buhrmann/ws_moveit/install/object_detection:/home/buhrmann/ws_moveit/install/object_creation:/home/buhrmann/ws_moveit/install/moveit_task_constructor_msgs:/home/buhrmann/ws_moveit/install/moveit_ros_control_interface:/home/buhrmann/ws_moveit/install/moveit_plugins:/home/buhrmann/ws_moveit/install/moveit_setup_assistant:/home/buhrmann/ws_moveit/install/moveit_setup_srdf_plugins:/home/buhrmann/ws_moveit/install/moveit_setup_core_plugins:/home/buhrmann/ws_moveit/install/moveit_setup_controllers:/home/buhrmann/ws_moveit/install/moveit_setup_app_plugins:/home/buhrmann/ws_moveit/install/moveit_setup_framework:/home/buhrmann/ws_moveit/install/moveit_servo:/home/buhrmann/ws_moveit/install/moveit_ros_trajectory_cache:/home/buhrmann/ws_moveit/install/moveit_ros:/home/buhrmann/ws_moveit/install/moveit_ros_visualization:/home/buhrmann/ws_moveit/install/moveit_py:/home/buhrmann/ws_moveit/install/moveit_hybrid_planning:/home/buhrmann/ws_moveit/install/edit_planning_scene:/home/buhrmann/ws_moveit/install/moveit_ros_benchmarks:/home/buhrmann/ws_moveit/install/moveit_ros_robot_interaction:/home/buhrmann/ws_moveit/install/moveit_ros_perception:/home/buhrmann/ws_moveit/install/moveit_resources_prbt_pg70_support:/home/buhrmann/ws_moveit/install/moveit_resources_prbt_moveit_config:/home/buhrmann/ws_moveit/install/moveit_planners_ompl:/home/buhrmann/ws_moveit/install/moveit_resources_prbt_support:/home/buhrmann/ws_moveit/install/moveit_resources_prbt_ikfast_manipulator_plugin:/home/buhrmann/ws_moveit/install/moveit_resources:/home/buhrmann/ws_moveit/install/dual_arm_panda_moveit_config:/home/buhrmann/ws_moveit/install/moveit_planners_stomp:/home/buhrmann/ws_moveit/install/moveit_planners_chomp:/home/buhrmann/ws_moveit/install/chomp_motion_planner:/home/buhrmann/ws_moveit/install/kortex_driver:/home/buhrmann/ws_moveit/install/kortex_api:/home/buhrmann/ws_moveit/install/common_services_package:/home/buhrmann/ws_moveit/install/ros2_azure_bridge:/home/buhrmann/ws_moveit/install/moveit_configs_utils:/opt/ros/iron LD_LIBRARY_PATH=/home/buhrmann/ws_moveit/install/moveit_ros_planning_interface/lib:/home/buhrmann/ws_moveit/install/moveit_ros_move_group/lib:/home/buhrmann/ws_moveit/install/moveit_visual_tools/lib:/home/buhrmann/ws_moveit/install/moveit_ros_warehouse/lib:/home/buhrmann/ws_moveit/install/moveit_kinematics/lib:/home/buhrmann/ws_moveit/install/moveit_ros_planning/lib:/home/buhrmann/ws_moveit/install/moveit_simple_controller_manager/lib:/home/buhrmann/ws_moveit/install/moveit_ros_occupancy_map_monitor/lib:/home/buhrmann/ws_moveit/install/moveit_core/lib:/home/buhrmann/ws_moveit/install/rviz_visual_tools/lib:/home/buhrmann/ws_moveit/install/moveit_msgs/lib:/home/buhrmann/ws_moveit/install/robotiq_driver/lib:/home/buhrmann/ws_moveit/install/serial/lib:/home/buhrmann/ws_moveit/install/moveit_task_constructor_visualization/lib:/home/buhrmann/ws_moveit/install/moveit_task_constructor_demo/lib:/home/buhrmann/ws_moveit/install/moveit_task_constructor_capabilities/lib:/home/buhrmann/ws_moveit/install/moveit_task_constructor_core/lib:/home/buhrmann/ws_moveit/install/rviz_marker_tools/lib:/home/buhrmann/ws_moveit/install/robotiq_controllers/lib:/home/buhrmann/ws_moveit/install/pilz_industrial_motion_planner_testutils/lib:/home/buhrmann/ws_moveit/install/pilz_industrial_motion_planner/lib:/home/buhrmann/ws_moveit/install/pick_ik/lib:/home/buhrmann/ws_moveit/install/moveit_task_constructor_msgs/lib:/home/buhrmann/ws_moveit/install/moveit_ros_control_interface/lib:/home/buhrmann/ws_moveit/install/moveit_setup_assistant/lib:/home/buhrmann/ws_moveit/install/moveit_setup_srdf_plugins/lib:/home/buhrmann/ws_moveit/install/moveit_setup_core_plugins/lib:/home/buhrmann/ws_moveit/install/moveit_setup_controllers/lib:/home/buhrmann/ws_moveit/install/moveit_setup_app_plugins/lib:/home/buhrmann/ws_moveit/install/moveit_setup_framework/lib:/home/buhrmann/ws_moveit/install/moveit_servo/lib:/home/buhrmann/ws_moveit/install/moveit_ros_trajectory_cache/lib:/home/buhrmann/ws_moveit/install/moveit_ros_visualization/lib:/home/buhrmann/ws_moveit/install/moveit_py/lib:/home/buhrmann/ws_moveit/install/moveit_hybrid_planning/lib:/home/buhrmann/ws_moveit/install/moveit_ros_benchmarks/lib:/home/buhrmann/ws_moveit/install/moveit_ros_robot_interaction/lib:/home/buhrmann/ws_moveit/install/moveit_ros_perception/lib:/home/buhrmann/ws_moveit/install/moveit_planners_ompl/lib:/home/buhrmann/ws_moveit/install/moveit_resources_prbt_ikfast_manipulator_plugin/lib:/home/buhrmann/ws_moveit/install/moveit_planners_stomp/lib:/home/buhrmann/ws_moveit/install/moveit_planners_chomp/lib:/home/buhrmann/ws_moveit/install/chomp_motion_planner/lib:/home/buhrmann/ws_moveit/install/kortex_driver/lib:/home/buhrmann/ws_moveit/install/common_services_package/lib:/opt/ros/iron/opt/rviz_ogre_vendor/lib:/opt/ros/iron/lib/x86_64-linux-gnu:/opt/ros/iron/lib:/usr/lib/jvm/java-11-openjdk-amd64/lib/amd64 PYTHONPATH=/home/buhrmann/ws_moveit/install/moveit_msgs/lib/python3.10/site-packages:/home/buhrmann/ws_moveit/install/moveit_configs_utils/lib/python3.10/site-packages:/home/buhrmann/ws_moveit/install/moveit_task_constructor_core/lib/python3.10/site-packages:/home/buhrmann/ws_moveit/install/ros2_azure_bridge/lib/python3.10/site-packages:/home/buhrmann/ws_moveit/install/moveit_task_constructor_msgs/lib/python3.10/site-packages:/home/buhrmann/ws_moveit/install/moveit_py/lib/python3.10/site-packages:/home/buhrmann/ws_moveit/install/common_services_package/lib/python3.10/site-packages:/opt/ros/iron/lib/python3.10/site-packages /usr/bin/cmake --build /home/buhrmann/ws_moveit/build/ur5_moveit_test -- -j28 -l28
[0.099s] [35m[1mConsolidate compiler generated dependencies of target ur5_image_octmap_path[0m
[0.107s] [  7%] Built target gripper_close_moveit_test
[0.107s] [ 15%] Built target ur5_moveit_test_launch
[0.108s] [ 23%] Built target ur5_drop_sensor
[0.108s] [ 30%] Built target gripper_open_moveit_test
[0.109s] [ 38%] Built target ur5_moveit_test_object_detection
[0.110s] [ 61%] Built target ur5_read_positions
[0.110s] [ 61%] Built target ur5_probe_sensor
[0.110s] [ 61%] Built target ur5_probe_sensor_service
[0.111s] [ 69%] Built target ur5_moveit_test
[0.113s] [ 76%] Built target ur5_pickup_sensor
[0.114s] [ 84%] Built target ur5_move_to_camera
[0.114s] [ 92%] Built target ur5_move_to_home
[0.124s] [ 96%] [32mBuilding CXX object CMakeFiles/ur5_image_octmap_path.dir/src/ur5_image_octmap_path.cpp.o[0m
[4.937s] [01m[K/home/buhrmann/ws_moveit/src/ur5_moveit_test/src/ur5_image_octmap_path.cpp:256:5:[m[K [01;31m[Kerror: [m[Kexpected unqualified-id before â€˜[01m[Kreturn[m[Kâ€™
[4.937s]   256 |     [01;31m[Kreturn[m[K false;
[4.937s]       |     [01;31m[K^~~~~~[m[K
[4.937s] [01m[K/home/buhrmann/ws_moveit/src/ur5_moveit_test/src/ur5_image_octmap_path.cpp:257:6:[m[K [01;31m[Kerror: [m[Kexpected â€˜[01m[K;[m[Kâ€™ after class definition
[4.937s]   257 |     }
[4.937s]       |      [01;31m[K^[m[K
[4.937s]       |      [32m[K;[m[K
[4.949s] [01m[K/home/buhrmann/ws_moveit/src/ur5_moveit_test/src/ur5_image_octmap_path.cpp:[m[K In constructor â€˜[01m[KSensorProbeNode::SensorProbeNode()[m[Kâ€™:
[4.949s] [01m[K/home/buhrmann/ws_moveit/src/ur5_moveit_test/src/ur5_image_octmap_path.cpp:126:9:[m[K [01;31m[Kerror: [m[Kâ€˜[01m[Ktf_buffer_[m[Kâ€™ was not declared in this scope
[4.949s]   126 |         [01;31m[Ktf_buffer_[m[K = std::make_shared<tf2_ros::Buffer>(this->get_clock());
[4.949s]       |         [01;31m[K^~~~~~~~~~[m[K
[4.965s] [01m[K/home/buhrmann/ws_moveit/src/ur5_moveit_test/src/ur5_image_octmap_path.cpp:127:9:[m[K [01;31m[Kerror: [m[Kâ€˜[01m[Ktf_listener_[m[Kâ€™ was not declared in this scope
[4.965s]   127 |         [01;31m[Ktf_listener_[m[K = std::make_shared<tf2_ros::TransformListener>(*tf_buffer_);
[4.965s]       |         [01;31m[K^~~~~~~~~~~~[m[K
[4.981s] [01m[K/home/buhrmann/ws_moveit/src/ur5_moveit_test/src/ur5_image_octmap_path.cpp:130:9:[m[K [01;31m[Kerror: [m[Kâ€˜[01m[Kmarker_pub_[m[Kâ€™ was not declared in this scope
[4.981s]   130 |         [01;31m[Kmarker_pub_[m[K = this->create_publisher<visualization_msgs::msg::Marker>("UR5/probe_points", 10);
[4.981s]       |         [01;31m[K^~~~~~~~~~~[m[K
[5.004s] [01m[K/home/buhrmann/ws_moveit/src/ur5_moveit_test/src/ur5_image_octmap_path.cpp:131:9:[m[K [01;31m[Kerror: [m[Kâ€˜[01m[Kpointcloud_pub_[m[Kâ€™ was not declared in this scope
[5.004s]   131 |         [01;31m[Kpointcloud_pub_[m[K = this->create_publisher<sensor_msgs::msg::PointCloud2>("/UR5/UR5_camera/depth/color/points/green_filtered", rclcpp::QoS(10).transient_local());
[5.004s]       |         [01;31m[K^~~~~~~~~~~~~~~[m[K
[5.021s] [01m[K/home/buhrmann/ws_moveit/src/ur5_moveit_test/src/ur5_image_octmap_path.cpp:132:9:[m[K [01;31m[Kerror: [m[Kâ€˜[01m[Kimage_pub_[m[Kâ€™ was not declared in this scope
[5.021s]   132 |         [01;31m[Kimage_pub_[m[K = this->create_publisher<sensor_msgs::msg::Image>("/UR5/image/green_filtered", 1);
[5.021s]       |         [01;31m[K^~~~~~~~~~[m[K
[5.044s] [01m[K/home/buhrmann/ws_moveit/src/ur5_moveit_test/src/ur5_image_octmap_path.cpp:135:9:[m[K [01;31m[Kerror: [m[Kâ€˜[01m[Kdepth_info_sub_[m[Kâ€™ was not declared in this scope
[5.044s]   135 |         [01;31m[Kdepth_info_sub_[m[K = this->create_subscription<sensor_msgs::msg::CameraInfo>(
[5.044s]       |         [01;31m[K^~~~~~~~~~~~~~~[m[K
[5.086s] [01m[K/home/buhrmann/ws_moveit/src/ur5_moveit_test/src/ur5_image_octmap_path.cpp:140:9:[m[K [01;31m[Kerror: [m[Kâ€˜[01m[Kdepth_sub_[m[Kâ€™ was not declared in this scope
[5.086s]   140 |         [01;31m[Kdepth_sub_[m[K = this->create_subscription<sensor_msgs::msg::Image>(
[5.086s]       |         [01;31m[K^~~~~~~~~~[m[K
[5.123s] [01m[K/home/buhrmann/ws_moveit/src/ur5_moveit_test/src/ur5_image_octmap_path.cpp:145:9:[m[K [01;31m[Kerror: [m[Kâ€˜[01m[Krgb_sub_[m[Kâ€™ was not declared in this scope
[5.123s]   145 |         [01;31m[Krgb_sub_[m[K = this->create_subscription<sensor_msgs::msg::Image>(
[5.123s]       |         [01;31m[K^~~~~~~~[m[K
[5.133s] [01m[K/home/buhrmann/ws_moveit/src/ur5_moveit_test/src/ur5_image_octmap_path.cpp:151:9:[m[K [01;31m[Kerror: [m[Kâ€˜[01m[Kclient_[m[Kâ€™ was not declared in this scope
[5.133s]   151 |         [01;31m[Kclient_[m[K = this->create_client<common_services_package::srv::GetPlantpotCoords>("/UR5/service/plantpot_coords");
[5.133s]       |         [01;31m[K^~~~~~~[m[K
[5.196s] [01m[K/home/buhrmann/ws_moveit/src/ur5_moveit_test/src/ur5_image_octmap_path.cpp:159:9:[m[K [01;31m[Kerror: [m[Kâ€˜[01m[Kstart_processing_timer_[m[Kâ€™ was not declared in this scope
[5.196s]   159 |         [01;31m[Kstart_processing_timer_[m[K = this->create_wall_timer(
[5.196s]       |         [01;31m[K^~~~~~~~~~~~~~~~~~~~~~~[m[K
[5.623s] [01m[K/home/buhrmann/ws_moveit/src/ur5_moveit_test/src/ur5_image_octmap_path.cpp:[m[K In member function â€˜[01m[Kvoid SensorProbeNode::cameraInfoCallback(sensor_msgs::msg::CameraInfo_<std::allocator<void> >::SharedPtr)[m[Kâ€™:
[5.623s] [01m[K/home/buhrmann/ws_moveit/src/ur5_moveit_test/src/ur5_image_octmap_path.cpp:189:38:[m[K [01;31m[Kerror: [m[Kâ€˜[01m[Kcamera_data_mutex_[m[Kâ€™ was not declared in this scope
[5.623s]   189 |     std::lock_guard<std::mutex> lock([01;31m[Kcamera_data_mutex_[m[K);
[5.623s]       |                                      [01;31m[K^~~~~~~~~~~~~~~~~~[m[K
[5.639s] [01m[K/home/buhrmann/ws_moveit/src/ur5_moveit_test/src/ur5_image_octmap_path.cpp:190:5:[m[K [01;31m[Kerror: [m[Kâ€˜[01m[Kcamera_info_[m[Kâ€™ was not declared in this scope
[5.639s]   190 |     [01;31m[Kcamera_info_[m[K = msg;
[5.639s]       |     [01;31m[K^~~~~~~~~~~~[m[K
[5.661s] [01m[K/home/buhrmann/ws_moveit/src/ur5_moveit_test/src/ur5_image_octmap_path.cpp:191:5:[m[K [01;31m[Kerror: [m[Kâ€˜[01m[Knew_camera_info_[m[Kâ€™ was not declared in this scope
[5.661s]   191 |     [01;31m[Knew_camera_info_[m[K = true;
[5.661s]       |     [01;31m[K^~~~~~~~~~~~~~~~[m[K
[5.684s] [01m[K/home/buhrmann/ws_moveit/src/ur5_moveit_test/src/ur5_image_octmap_path.cpp:[m[K In member function â€˜[01m[Kvoid SensorProbeNode::depthImageCallback(sensor_msgs::msg::Image_<std::allocator<void> >::SharedPtr)[m[Kâ€™:
[5.684s] [01m[K/home/buhrmann/ws_moveit/src/ur5_moveit_test/src/ur5_image_octmap_path.cpp:195:38:[m[K [01;31m[Kerror: [m[Kâ€˜[01m[Kcamera_data_mutex_[m[Kâ€™ was not declared in this scope
[5.684s]   195 |     std::lock_guard<std::mutex> lock([01;31m[Kcamera_data_mutex_[m[K);
[5.684s]       |                                      [01;31m[K^~~~~~~~~~~~~~~~~~[m[K
[5.698s] [01m[K/home/buhrmann/ws_moveit/src/ur5_moveit_test/src/ur5_image_octmap_path.cpp:196:5:[m[K [01;31m[Kerror: [m[Kâ€˜[01m[Kdepth_msg_[m[Kâ€™ was not declared in this scope
[5.698s]   196 |     [01;31m[Kdepth_msg_[m[K = msg;
[5.698s]       |     [01;31m[K^~~~~~~~~~[m[K
[5.717s] [01m[K/home/buhrmann/ws_moveit/src/ur5_moveit_test/src/ur5_image_octmap_path.cpp:197:5:[m[K [01;31m[Kerror: [m[Kâ€˜[01m[Knew_depth_data_[m[Kâ€™ was not declared in this scope
[5.717s]   197 |     [01;31m[Knew_depth_data_[m[K = true;
[5.717s]       |     [01;31m[K^~~~~~~~~~~~~~~[m[K
[5.740s] [01m[K/home/buhrmann/ws_moveit/src/ur5_moveit_test/src/ur5_image_octmap_path.cpp:[m[K In member function â€˜[01m[Kvoid SensorProbeNode::rgbImageCallback(sensor_msgs::msg::Image_<std::allocator<void> >::SharedPtr)[m[Kâ€™:
[5.740s] [01m[K/home/buhrmann/ws_moveit/src/ur5_moveit_test/src/ur5_image_octmap_path.cpp:201:38:[m[K [01;31m[Kerror: [m[Kâ€˜[01m[Kcamera_data_mutex_[m[Kâ€™ was not declared in this scope
[5.740s]   201 |     std::lock_guard<std::mutex> lock([01;31m[Kcamera_data_mutex_[m[K);
[5.740s]       |                                      [01;31m[K^~~~~~~~~~~~~~~~~~[m[K
[5.750s] [01m[K/home/buhrmann/ws_moveit/src/ur5_moveit_test/src/ur5_image_octmap_path.cpp:202:5:[m[K [01;31m[Kerror: [m[Kâ€˜[01m[Krgb_msg_[m[Kâ€™ was not declared in this scope
[5.750s]   202 |     [01;31m[Krgb_msg_[m[K = msg;
[5.750s]       |     [01;31m[K^~~~~~~~[m[K
[5.767s] [01m[K/home/buhrmann/ws_moveit/src/ur5_moveit_test/src/ur5_image_octmap_path.cpp:203:5:[m[K [01;31m[Kerror: [m[Kâ€˜[01m[Knew_rgb_data_[m[Kâ€™ was not declared in this scope
[5.767s]   203 |     [01;31m[Knew_rgb_data_[m[K = true;
[5.767s]       |     [01;31m[K^~~~~~~~~~~~~[m[K
[5.796s] [01m[K/home/buhrmann/ws_moveit/src/ur5_moveit_test/src/ur5_image_octmap_path.cpp:[m[K In member function â€˜[01m[Kvoid SensorProbeNode::startProcessing()[m[Kâ€™:
[5.796s] [01m[K/home/buhrmann/ws_moveit/src/ur5_moveit_test/src/ur5_image_octmap_path.cpp:208:9:[m[K [01;31m[Kerror: [m[Kâ€˜[01m[Kstart_processing_timer_[m[Kâ€™ was not declared in this scope
[5.796s]   208 |         [01;31m[Kstart_processing_timer_[m[K->cancel();
[5.796s]       |         [01;31m[K^~~~~~~~~~~~~~~~~~~~~~~[m[K
[5.813s] [01m[K/home/buhrmann/ws_moveit/src/ur5_moveit_test/src/ur5_image_octmap_path.cpp:210:14:[m[K [01;31m[Kerror: [m[Kâ€˜[01m[Kcamera_info_[m[Kâ€™ was not declared in this scope
[5.813s]   210 |         if (![01;31m[Kcamera_info_[m[K || !depth_msg_ || !rgb_msg_) {
[5.814s]       |              [01;31m[K^~~~~~~~~~~~[m[K
[5.826s] [01m[K/home/buhrmann/ws_moveit/src/ur5_moveit_test/src/ur5_image_octmap_path.cpp:210:31:[m[K [01;31m[Kerror: [m[Kâ€˜[01m[Kdepth_msg_[m[Kâ€™ was not declared in this scope
[5.826s]   210 |         if (!camera_info_ || ![01;31m[Kdepth_msg_[m[K || !rgb_msg_) {
[5.826s]       |                               [01;31m[K^~~~~~~~~~[m[K
[5.836s] [01m[K/home/buhrmann/ws_moveit/src/ur5_moveit_test/src/ur5_image_octmap_path.cpp:210:46:[m[K [01;31m[Kerror: [m[Kâ€˜[01m[Krgb_msg_[m[Kâ€™ was not declared in this scope
[5.836s]   210 |         if (!camera_info_ || !depth_msg_ || ![01;31m[Krgb_msg_[m[K) {
[5.836s]       |                                              [01;31m[K^~~~~~~~[m[K
[5.846s] [01m[K/home/buhrmann/ws_moveit/src/ur5_moveit_test/src/ur5_image_octmap_path.cpp:219:9:[m[K [01;31m[Kerror: [m[Kâ€˜[01m[KrunMain[m[Kâ€™ was not declared in this scope
[5.846s]   219 |         [01;31m[KrunMain[m[K();
[5.847s]       |         [01;31m[K^~~~~~~[m[K
[5.869s] [01m[K/home/buhrmann/ws_moveit/src/ur5_moveit_test/src/ur5_image_octmap_path.cpp:[m[K In member function â€˜[01m[Kbool SensorProbeNode::waitForFreshCameraData(double)[m[Kâ€™:
[5.870s] [01m[K/home/buhrmann/ws_moveit/src/ur5_moveit_test/src/ur5_image_octmap_path.cpp:229:42:[m[K [01;31m[Kerror: [m[Kâ€˜[01m[Kcamera_data_mutex_[m[Kâ€™ was not declared in this scope
[5.870s]   229 |         std::lock_guard<std::mutex> lock([01;31m[Kcamera_data_mutex_[m[K);
[5.870s]       |                                          [01;31m[K^~~~~~~~~~~~~~~~~~[m[K
[5.887s] [01m[K/home/buhrmann/ws_moveit/src/ur5_moveit_test/src/ur5_image_octmap_path.cpp:230:9:[m[K [01;31m[Kerror: [m[Kâ€˜[01m[Knew_rgb_data_[m[Kâ€™ was not declared in this scope
[5.887s]   230 |         [01;31m[Knew_rgb_data_[m[K = false;
[5.887s]       |         [01;31m[K^~~~~~~~~~~~~[m[K
[5.906s] [01m[K/home/buhrmann/ws_moveit/src/ur5_moveit_test/src/ur5_image_octmap_path.cpp:231:9:[m[K [01;31m[Kerror: [m[Kâ€˜[01m[Knew_depth_data_[m[Kâ€™ was not declared in this scope
[5.906s]   231 |         [01;31m[Knew_depth_data_[m[K = false;
[5.906s]       |         [01;31m[K^~~~~~~~~~~~~~~[m[K
[5.928s] [01m[K/home/buhrmann/ws_moveit/src/ur5_moveit_test/src/ur5_image_octmap_path.cpp:232:9:[m[K [01;31m[Kerror: [m[Kâ€˜[01m[Knew_camera_info_[m[Kâ€™ was not declared in this scope
[5.928s]   232 |         [01;31m[Knew_camera_info_[m[K = false;
[5.928s]       |         [01;31m[K^~~~~~~~~~~~~~~~[m[K
[5.951s] [01m[K/home/buhrmann/ws_moveit/src/ur5_moveit_test/src/ur5_image_octmap_path.cpp:238:42:[m[K [01;31m[Kerror: [m[Kâ€˜[01m[Kcamera_data_mutex_[m[Kâ€™ was not declared in this scope
[5.951s]   238 |         std::lock_guard<std::mutex> lock([01;31m[Kcamera_data_mutex_[m[K);
[5.951s]       |                                          [01;31m[K^~~~~~~~~~~~~~~~~~[m[K
[5.970s] [01m[K/home/buhrmann/ws_moveit/src/ur5_moveit_test/src/ur5_image_octmap_path.cpp:239:13:[m[K [01;31m[Kerror: [m[Kâ€˜[01m[Knew_rgb_data_[m[Kâ€™ was not declared in this scope
[5.970s]   239 |         if ([01;31m[Knew_rgb_data_[m[K && new_depth_data_ && new_camera_info_) {
[5.970s]       |             [01;31m[K^~~~~~~~~~~~~[m[K
[5.989s] [01m[K/home/buhrmann/ws_moveit/src/ur5_moveit_test/src/ur5_image_octmap_path.cpp:239:30:[m[K [01;31m[Kerror: [m[Kâ€˜[01m[Knew_depth_data_[m[Kâ€™ was not declared in this scope
[5.989s]   239 |         if (new_rgb_data_ && [01;31m[Knew_depth_data_[m[K && new_camera_info_) {
[5.989s]       |                              [01;31m[K^~~~~~~~~~~~~~~[m[K
[6.011s] [01m[K/home/buhrmann/ws_moveit/src/ur5_moveit_test/src/ur5_image_octmap_path.cpp:239:49:[m[K [01;31m[Kerror: [m[Kâ€˜[01m[Knew_camera_info_[m[Kâ€™ was not declared in this scope
[6.011s]   239 |         if (new_rgb_data_ && new_depth_data_ && [01;31m[Knew_camera_info_[m[K) {
[6.011s]       |                                                 [01;31m[K^~~~~~~~~~~~~~~~[m[K
[6.019s] [01m[K/home/buhrmann/ws_moveit/src/ur5_moveit_test/src/ur5_image_octmap_path.cpp:[m[K In function â€˜[01m[Kvoid runMain()[m[Kâ€™:
[6.019s] [01m[K/home/buhrmann/ws_moveit/src/ur5_moveit_test/src/ur5_image_octmap_path.cpp:261:76:[m[K [01;31m[Kerror: [m[Kâ€˜[01m[Krgb_msg_[m[Kâ€™ was not declared in this scope
[6.019s]   261 |         auto [filtered_pointcloud, filtered_image] = filterGreenPointCloud([01;31m[Krgb_msg_[m[K, depth_msg_, camera_info_);
[6.019s]       |                                                                            [01;31m[K^~~~~~~~[m[K
[6.028s] [01m[K/home/buhrmann/ws_moveit/src/ur5_moveit_test/src/ur5_image_octmap_path.cpp:261:86:[m[K [01;31m[Kerror: [m[Kâ€˜[01m[Kdepth_msg_[m[Kâ€™ was not declared in this scope
[6.028s]   261 |         auto [filtered_pointcloud, filtered_image] = filterGreenPointCloud(rgb_msg_, [01;31m[Kdepth_msg_[m[K, camera_info_);
[6.028s]       |                                                                                      [01;31m[K^~~~~~~~~~[m[K
[6.039s] [01m[K/home/buhrmann/ws_moveit/src/ur5_moveit_test/src/ur5_image_octmap_path.cpp:261:98:[m[K [01;31m[Kerror: [m[Kâ€˜[01m[Kcamera_info_[m[Kâ€™ was not declared in this scope
[6.039s]   261 |         auto [filtered_pointcloud, filtered_image] = filterGreenPointCloud(rgb_msg_, depth_msg_, [01;31m[Kcamera_info_[m[K);
[6.039s]       |                                                                                                  [01;31m[K^~~~~~~~~~~~[m[K
[6.039s] In file included from [01m[K/opt/ros/iron/include/rclcpp/rclcpp/client.hpp:43[m[K,
[6.039s]                  from [01m[K/opt/ros/iron/include/rclcpp/rclcpp/callback_group.hpp:24[m[K,
[6.039s]                  from [01m[K/opt/ros/iron/include/rclcpp/rclcpp/any_executable.hpp:20[m[K,
[6.039s]                  from [01m[K/opt/ros/iron/include/rclcpp/rclcpp/memory_strategy.hpp:25[m[K,
[6.039s]                  from [01m[K/opt/ros/iron/include/rclcpp/rclcpp/memory_strategies.hpp:18[m[K,
[6.039s]                  from [01m[K/opt/ros/iron/include/rclcpp/rclcpp/executor_options.hpp:20[m[K,
[6.039s]                  from [01m[K/opt/ros/iron/include/rclcpp/rclcpp/executor.hpp:37[m[K,
[6.039s]                  from [01m[K/opt/ros/iron/include/rclcpp/rclcpp/executors/multi_threaded_executor.hpp:25[m[K,
[6.039s]                  from [01m[K/opt/ros/iron/include/rclcpp/rclcpp/executors.hpp:21[m[K,
[6.039s]                  from [01m[K/opt/ros/iron/include/rclcpp/rclcpp/rclcpp.hpp:167[m[K,
[6.039s]                  from [01m[K/home/buhrmann/ws_moveit/src/ur5_moveit_test/src/ur5_image_octmap_path.cpp:2[m[K:
[6.039s] [01m[K/home/buhrmann/ws_moveit/src/ur5_moveit_test/src/ur5_image_octmap_path.cpp:264:26:[m[K [01;31m[Kerror: [m[Kinvalid use of â€˜[01m[Kthis[m[Kâ€™ in non-member function
[6.039s]   264 |             RCLCPP_ERROR([01;31m[Kthis[m[K->get_logger(), "Failed to filter point cloud");
[6.039s]       |                          [01;31m[K^~~~[m[K
[6.039s] [01m[K/home/buhrmann/ws_moveit/src/ur5_moveit_test/src/ur5_image_octmap_path.cpp:264:26:[m[K [01;31m[Kerror: [m[Kinvalid use of â€˜[01m[Kthis[m[Kâ€™ in non-member function
[6.039s] [01m[K/home/buhrmann/ws_moveit/src/ur5_moveit_test/src/ur5_image_octmap_path.cpp:264:13:[m[K [01;31m[Kerror: [m[Ktemplate argument 1 is invalid
[6.039s]   264 |             [01;31m[KRCLCPP_ERROR[m[K(this->get_logger(), "Failed to filter point cloud");
[6.039s]       |             [01;31m[K^~~~~~~~~~~~[m[K
[6.039s] [01m[K/home/buhrmann/ws_moveit/src/ur5_moveit_test/src/ur5_image_octmap_path.cpp:264:13:[m[K [01;31m[Kerror: [m[Ktemplate argument 1 is invalid
[6.039s]   264 |             [01;31m[KRCLCPP_ERROR[m[K(this->get_logger(), "Failed to filter point cloud");
[6.039s]       |             [01;31m[K^~~~~~~~~~~~[m[K
[6.039s] [01m[K/home/buhrmann/ws_moveit/src/ur5_moveit_test/src/ur5_image_octmap_path.cpp:264:13:[m[K [01;31m[Kerror: [m[Ktemplate argument 1 is invalid
[6.039s]   264 |             [01;31m[KRCLCPP_ERROR[m[K(this->get_logger(), "Failed to filter point cloud");
[6.039s]       |             [01;31m[K^~~~~~~~~~~~[m[K
[6.040s] In file included from [01m[K/opt/ros/iron/include/rclcpp/rclcpp/logging.hpp:24[m[K,
[6.040s]                  from [01m[K/opt/ros/iron/include/rclcpp/rclcpp/client.hpp:43[m[K,
[6.040s]                  from [01m[K/opt/ros/iron/include/rclcpp/rclcpp/callback_group.hpp:24[m[K,
[6.040s]                  from [01m[K/opt/ros/iron/include/rclcpp/rclcpp/any_executable.hpp:20[m[K,
[6.040s]                  from [01m[K/opt/ros/iron/include/rclcpp/rclcpp/memory_strategy.hpp:25[m[K,
[6.040s]                  from [01m[K/opt/ros/iron/include/rclcpp/rclcpp/memory_strategies.hpp:18[m[K,
[6.040s]                  from [01m[K/opt/ros/iron/include/rclcpp/rclcpp/executor_options.hpp:20[m[K,
[6.040s]                  from [01m[K/opt/ros/iron/include/rclcpp/rclcpp/executor.hpp:37[m[K,
[6.040s]                  from [01m[K/opt/ros/iron/include/rclcpp/rclcpp/executors/multi_threaded_executor.hpp:25[m[K,
[6.040s]                  from [01m[K/opt/ros/iron/include/rclcpp/rclcpp/executors.hpp:21[m[K,
[6.040s]                  from [01m[K/opt/ros/iron/include/rclcpp/rclcpp/rclcpp.hpp:167[m[K,
[6.040s]                  from [01m[K/home/buhrmann/ws_moveit/src/ur5_moveit_test/src/ur5_image_octmap_path.cpp:2[m[K:
[6.040s] [01m[K/home/buhrmann/ws_moveit/src/ur5_moveit_test/src/ur5_image_octmap_path.cpp:264:26:[m[K [01;31m[Kerror: [m[Kinvalid use of â€˜[01m[Kthis[m[Kâ€™ in non-member function
[6.040s]   264 |             RCLCPP_ERROR([01;31m[Kthis[m[K->get_logger(), "Failed to filter point cloud");
[6.040s]       |                          [01;31m[K^~~~[m[K
[6.040s] [01m[K/home/buhrmann/ws_moveit/src/ur5_moveit_test/src/ur5_image_octmap_path.cpp:264:26:[m[K [01;31m[Kerror: [m[Kinvalid use of â€˜[01m[Kthis[m[Kâ€™ in non-member function
[6.040s]   264 |             RCLCPP_ERROR([01;31m[Kthis[m[K->get_logger(), "Failed to filter point cloud");
[6.040s]       |                          [01;31m[K^~~~[m[K
[6.049s] [01m[K/home/buhrmann/ws_moveit/src/ur5_moveit_test/src/ur5_image_octmap_path.cpp:270:13:[m[K [01;31m[Kerror: [m[Kâ€˜[01m[Kimage_pub_[m[Kâ€™ was not declared in this scope
[6.049s]   270 |             [01;31m[Kimage_pub_[m[K->publish(*filtered_image);
[6.049s]       |             [01;31m[K^~~~~~~~~~[m[K
[6.058s] [01m[K/home/buhrmann/ws_moveit/src/ur5_moveit_test/src/ur5_image_octmap_path.cpp:276:17:[m[K [01;31m[Kerror: [m[Kâ€˜[01m[Ktf_buffer_[m[Kâ€™ was not declared in this scope
[6.058s]   276 |                 [01;31m[Ktf_buffer_[m[K->lookupTransform("world", "UR5_camera_color_optical_frame", rclcpp::Time(0), std::chrono::seconds(1));
[6.058s]       |                 [01;31m[K^~~~~~~~~~[m[K
[6.065s] In file included from [01m[K/opt/ros/iron/include/rclcpp/rclcpp/client.hpp:43[m[K,
[6.065s]                  from [01m[K/opt/ros/iron/include/rclcpp/rclcpp/callback_group.hpp:24[m[K,
[6.065s]                  from [01m[K/opt/ros/iron/include/rclcpp/rclcpp/any_executable.hpp:20[m[K,
[6.065s]                  from [01m[K/opt/ros/iron/include/rclcpp/rclcpp/memory_strategy.hpp:25[m[K,
[6.065s]                  from [01m[K/opt/ros/iron/include/rclcpp/rclcpp/memory_strategies.hpp:18[m[K,
[6.065s]                  from [01m[K/opt/ros/iron/include/rclcpp/rclcpp/executor_options.hpp:20[m[K,
[6.065s]                  from [01m[K/opt/ros/iron/include/rclcpp/rclcpp/executor.hpp:37[m[K,
[6.065s]                  from [01m[K/opt/ros/iron/include/rclcpp/rclcpp/executors/multi_threaded_executor.hpp:25[m[K,
[6.065s]                  from [01m[K/opt/ros/iron/include/rclcpp/rclcpp/executors.hpp:21[m[K,
[6.065s]                  from [01m[K/opt/ros/iron/include/rclcpp/rclcpp/rclcpp.hpp:167[m[K,
[6.065s]                  from [01m[K/home/buhrmann/ws_moveit/src/ur5_moveit_test/src/ur5_image_octmap_path.cpp:2[m[K:
[6.065s] [01m[K/home/buhrmann/ws_moveit/src/ur5_moveit_test/src/ur5_image_octmap_path.cpp:282:25:[m[K [01;31m[Kerror: [m[Kinvalid use of â€˜[01m[Kthis[m[Kâ€™ in non-member function
[6.065s]   282 |             RCLCPP_INFO([01;31m[Kthis[m[K->get_logger(), "Got transform from camera to world");
[6.065s]       |                         [01;31m[K^~~~[m[K
[6.065s] [01m[K/home/buhrmann/ws_moveit/src/ur5_moveit_test/src/ur5_image_octmap_path.cpp:282:25:[m[K [01;31m[Kerror: [m[Kinvalid use of â€˜[01m[Kthis[m[Kâ€™ in non-member function
[6.065s] [01m[K/home/buhrmann/ws_moveit/src/ur5_moveit_test/src/ur5_image_octmap_path.cpp:282:13:[m[K [01;31m[Kerror: [m[Ktemplate argument 1 is invalid
[6.065s]   282 |             [01;31m[KRCLCPP_INFO[m[K(this->get_logger(), "Got transform from camera to world");
[6.065s]       |             [01;31m[K^~~~~~~~~~~[m[K
[6.065s] [01m[K/home/buhrmann/ws_moveit/src/ur5_moveit_test/src/ur5_image_octmap_path.cpp:282:13:[m[K [01;31m[Kerror: [m[Ktemplate argument 1 is invalid
[6.065s]   282 |             [01;31m[KRCLCPP_INFO[m[K(this->get_logger(), "Got transform from camera to world");
[6.065s]       |             [01;31m[K^~~~~~~~~~~[m[K
[6.066s] [01m[K/home/buhrmann/ws_moveit/src/ur5_moveit_test/src/ur5_image_octmap_path.cpp:282:13:[m[K [01;31m[Kerror: [m[Ktemplate argument 1 is invalid
[6.066s]   282 |             [01;31m[KRCLCPP_INFO[m[K(this->get_logger(), "Got transform from camera to world");
[6.066s]       |             [01;31m[K^~~~~~~~~~~[m[K
[6.066s] In file included from [01m[K/opt/ros/iron/include/rclcpp/rclcpp/logging.hpp:24[m[K,
[6.066s]                  from [01m[K/opt/ros/iron/include/rclcpp/rclcpp/client.hpp:43[m[K,
[6.066s]                  from [01m[K/opt/ros/iron/include/rclcpp/rclcpp/callback_group.hpp:24[m[K,
[6.066s]                  from [01m[K/opt/ros/iron/include/rclcpp/rclcpp/any_executable.hpp:20[m[K,
[6.066s]                  from [01m[K/opt/ros/iron/include/rclcpp/rclcpp/memory_strategy.hpp:25[m[K,
[6.066s]                  from [01m[K/opt/ros/iron/include/rclcpp/rclcpp/memory_strategies.hpp:18[m[K,
[6.066s]                  from [01m[K/opt/ros/iron/include/rclcpp/rclcpp/executor_options.hpp:20[m[K,
[6.066s]                  from [01m[K/opt/ros/iron/include/rclcpp/rclcpp/executor.hpp:37[m[K,
[6.066s]                  from [01m[K/opt/ros/iron/include/rclcpp/rclcpp/executors/multi_threaded_executor.hpp:25[m[K,
[6.066s]                  from [01m[K/opt/ros/iron/include/rclcpp/rclcpp/executors.hpp:21[m[K,
[6.066s]                  from [01m[K/opt/ros/iron/include/rclcpp/rclcpp/rclcpp.hpp:167[m[K,
[6.066s]                  from [01m[K/home/buhrmann/ws_moveit/src/ur5_moveit_test/src/ur5_image_octmap_path.cpp:2[m[K:
[6.066s] [01m[K/home/buhrmann/ws_moveit/src/ur5_moveit_test/src/ur5_image_octmap_path.cpp:282:25:[m[K [01;31m[Kerror: [m[Kinvalid use of â€˜[01m[Kthis[m[Kâ€™ in non-member function
[6.066s]   282 |             RCLCPP_INFO([01;31m[Kthis[m[K->get_logger(), "Got transform from camera to world");
[6.066s]       |                         [01;31m[K^~~~[m[K
[6.066s] [01m[K/home/buhrmann/ws_moveit/src/ur5_moveit_test/src/ur5_image_octmap_path.cpp:282:25:[m[K [01;31m[Kerror: [m[Kinvalid use of â€˜[01m[Kthis[m[Kâ€™ in non-member function
[6.066s]   282 |             RCLCPP_INFO([01;31m[Kthis[m[K->get_logger(), "Got transform from camera to world");
[6.066s]       |                         [01;31m[K^~~~[m[K
[6.066s] In file included from [01m[K/opt/ros/iron/include/rclcpp/rclcpp/client.hpp:43[m[K,
[6.066s]                  from [01m[K/opt/ros/iron/include/rclcpp/rclcpp/callback_group.hpp:24[m[K,
[6.066s]                  from [01m[K/opt/ros/iron/include/rclcpp/rclcpp/any_executable.hpp:20[m[K,
[6.066s]                  from [01m[K/opt/ros/iron/include/rclcpp/rclcpp/memory_strategy.hpp:25[m[K,
[6.066s]                  from [01m[K/opt/ros/iron/include/rclcpp/rclcpp/memory_strategies.hpp:18[m[K,
[6.066s]                  from [01m[K/opt/ros/iron/include/rclcpp/rclcpp/executor_options.hpp:20[m[K,
[6.066s]                  from [01m[K/opt/ros/iron/include/rclcpp/rclcpp/executor.hpp:37[m[K,
[6.066s]                  from [01m[K/opt/ros/iron/include/rclcpp/rclcpp/executors/multi_threaded_executor.hpp:25[m[K,
[6.066s]                  from [01m[K/opt/ros/iron/include/rclcpp/rclcpp/executors.hpp:21[m[K,
[6.066s]                  from [01m[K/opt/ros/iron/include/rclcpp/rclcpp/rclcpp.hpp:167[m[K,
[6.066s]                  from [01m[K/home/buhrmann/ws_moveit/src/ur5_moveit_test/src/ur5_image_octmap_path.cpp:2[m[K:
[6.066s] [01m[K/home/buhrmann/ws_moveit/src/ur5_moveit_test/src/ur5_image_octmap_path.cpp:296:25:[m[K [01;31m[Kerror: [m[Kinvalid use of â€˜[01m[Kthis[m[Kâ€™ in non-member function
[6.066s]   296 |             RCLCPP_INFO([01;31m[Kthis[m[K->get_logger(), "Maximum height found: %.3f", max_height);
[6.066s]       |                         [01;31m[K^~~~[m[K
[6.066s] [01m[K/home/buhrmann/ws_moveit/src/ur5_moveit_test/src/ur5_image_octmap_path.cpp:296:25:[m[K [01;31m[Kerror: [m[Kinvalid use of â€˜[01m[Kthis[m[Kâ€™ in non-member function
[6.066s] [01m[K/home/buhrmann/ws_moveit/src/ur5_moveit_test/src/ur5_image_octmap_path.cpp:296:13:[m[K [01;31m[Kerror: [m[Ktemplate argument 1 is invalid
[6.066s]   296 |             [01;31m[KRCLCPP_INFO[m[K(this->get_logger(), "Maximum height found: %.3f", max_height);
[6.066s]       |             [01;31m[K^~~~~~~~~~~[m[K
[6.066s] [01m[K/home/buhrmann/ws_moveit/src/ur5_moveit_test/src/ur5_image_octmap_path.cpp:296:13:[m[K [01;31m[Kerror: [m[Ktemplate argument 1 is invalid
[6.066s]   296 |             [01;31m[KRCLCPP_INFO[m[K(this->get_logger(), "Maximum height found: %.3f", max_height);
[6.066s]       |             [01;31m[K^~~~~~~~~~~[m[K
[6.066s] [01m[K/home/buhrmann/ws_moveit/src/ur5_moveit_test/src/ur5_image_octmap_path.cpp:296:13:[m[K [01;31m[Kerror: [m[Ktemplate argument 1 is invalid
[6.067s]   296 |             [01;31m[KRCLCPP_INFO[m[K(this->get_logger(), "Maximum height found: %.3f", max_height);
[6.067s]       |             [01;31m[K^~~~~~~~~~~[m[K
[6.067s] In file included from [01m[K/opt/ros/iron/include/rclcpp/rclcpp/logging.hpp:24[m[K,
[6.067s]                  from [01m[K/opt/ros/iron/include/rclcpp/rclcpp/client.hpp:43[m[K,
[6.067s]                  from [01m[K/opt/ros/iron/include/rclcpp/rclcpp/callback_group.hpp:24[m[K,
[6.067s]                  from [01m[K/opt/ros/iron/include/rclcpp/rclcpp/any_executable.hpp:20[m[K,
[6.067s]                  from [01m[K/opt/ros/iron/include/rclcpp/rclcpp/memory_strategy.hpp:25[m[K,
[6.067s]                  from [01m[K/opt/ros/iron/include/rclcpp/rclcpp/memory_strategies.hpp:18[m[K,
[6.067s]                  from [01m[K/opt/ros/iron/include/rclcpp/rclcpp/executor_options.hpp:20[m[K,
[6.067s]                  from [01m[K/opt/ros/iron/include/rclcpp/rclcpp/executor.hpp:37[m[K,
[6.067s]                  from [01m[K/opt/ros/iron/include/rclcpp/rclcpp/executors/multi_threaded_executor.hpp:25[m[K,
[6.067s]                  from [01m[K/opt/ros/iron/include/rclcpp/rclcpp/executors.hpp:21[m[K,
[6.067s]                  from [01m[K/opt/ros/iron/include/rclcpp/rclcpp/rclcpp.hpp:167[m[K,
[6.067s]                  from [01m[K/home/buhrmann/ws_moveit/src/ur5_moveit_test/src/ur5_image_octmap_path.cpp:2[m[K:
[6.067s] [01m[K/home/buhrmann/ws_moveit/src/ur5_moveit_test/src/ur5_image_octmap_path.cpp:296:25:[m[K [01;31m[Kerror: [m[Kinvalid use of â€˜[01m[Kthis[m[Kâ€™ in non-member function
[6.067s]   296 |             RCLCPP_INFO([01;31m[Kthis[m[K->get_logger(), "Maximum height found: %.3f", max_height);
[6.067s]       |                         [01;31m[K^~~~[m[K
[6.067s] [01m[K/home/buhrmann/ws_moveit/src/ur5_moveit_test/src/ur5_image_octmap_path.cpp:296:25:[m[K [01;31m[Kerror: [m[Kinvalid use of â€˜[01m[Kthis[m[Kâ€™ in non-member function
[6.067s]   296 |             RCLCPP_INFO([01;31m[Kthis[m[K->get_logger(), "Maximum height found: %.3f", max_height);
[6.067s]       |                         [01;31m[K^~~~[m[K
[6.067s] In file included from [01m[K/opt/ros/iron/include/rclcpp/rclcpp/client.hpp:43[m[K,
[6.067s]                  from [01m[K/opt/ros/iron/include/rclcpp/rclcpp/callback_group.hpp:24[m[K,
[6.067s]                  from [01m[K/opt/ros/iron/include/rclcpp/rclcpp/any_executable.hpp:20[m[K,
[6.067s]                  from [01m[K/opt/ros/iron/include/rclcpp/rclcpp/memory_strategy.hpp:25[m[K,
[6.067s]                  from [01m[K/opt/ros/iron/include/rclcpp/rclcpp/memory_strategies.hpp:18[m[K,
[6.067s]                  from [01m[K/opt/ros/iron/include/rclcpp/rclcpp/executor_options.hpp:20[m[K,
[6.067s]                  from [01m[K/opt/ros/iron/include/rclcpp/rclcpp/executor.hpp:37[m[K,
[6.067s]                  from [01m[K/opt/ros/iron/include/rclcpp/rclcpp/executors/multi_threaded_executor.hpp:25[m[K,
[6.067s]                  from [01m[K/opt/ros/iron/include/rclcpp/rclcpp/executors.hpp:21[m[K,
[6.067s]                  from [01m[K/opt/ros/iron/include/rclcpp/rclcpp/rclcpp.hpp:167[m[K,
[6.067s]                  from [01m[K/home/buhrmann/ws_moveit/src/ur5_moveit_test/src/ur5_image_octmap_path.cpp:2[m[K:
[6.067s] [01m[K/home/buhrmann/ws_moveit/src/ur5_moveit_test/src/ur5_image_octmap_path.cpp:300:26:[m[K [01;31m[Kerror: [m[Kinvalid use of â€˜[01m[Kthis[m[Kâ€™ in non-member function
[6.067s]   300 |              RCLCPP_WARN([01;31m[Kthis[m[K->get_logger(), "Filtered point cloud is empty, not publishing");
[6.067s]       |                          [01;31m[K^~~~[m[K
[6.067s] [01m[K/home/buhrmann/ws_moveit/src/ur5_moveit_test/src/ur5_image_octmap_path.cpp:300:26:[m[K [01;31m[Kerror: [m[Kinvalid use of â€˜[01m[Kthis[m[Kâ€™ in non-member function
[6.067s] [01m[K/home/buhrmann/ws_moveit/src/ur5_moveit_test/src/ur5_image_octmap_path.cpp:300:14:[m[K [01;31m[Kerror: [m[Ktemplate argument 1 is invalid
[6.067s]   300 |              [01;31m[KRCLCPP_WARN[m[K(this->get_logger(), "Filtered point cloud is empty, not publishing");
[6.067s]       |              [01;31m[K^~~~~~~~~~~[m[K
[6.067s] [01m[K/home/buhrmann/ws_moveit/src/ur5_moveit_test/src/ur5_image_octmap_path.cpp:300:14:[m[K [01;31m[Kerror: [m[Ktemplate argument 1 is invalid
[6.067s]   300 |              [01;31m[KRCLCPP_WARN[m[K(this->get_logger(), "Filtered point cloud is empty, not publishing");
[6.067s]       |              [01;31m[K^~~~~~~~~~~[m[K
[6.067s] [01m[K/home/buhrmann/ws_moveit/src/ur5_moveit_test/src/ur5_image_octmap_path.cpp:300:14:[m[K [01;31m[Kerror: [m[Ktemplate argument 1 is invalid
[6.067s]   300 |              [01;31m[KRCLCPP_WARN[m[K(this->get_logger(), "Filtered point cloud is empty, not publishing");
[6.067s]       |              [01;31m[K^~~~~~~~~~~[m[K
[6.067s] In file included from [01m[K/opt/ros/iron/include/rclcpp/rclcpp/logging.hpp:24[m[K,
[6.067s]                  from [01m[K/opt/ros/iron/include/rclcpp/rclcpp/client.hpp:43[m[K,
[6.067s]                  from [01m[K/opt/ros/iron/include/rclcpp/rclcpp/callback_group.hpp:24[m[K,
[6.067s]                  from [01m[K/opt/ros/iron/include/rclcpp/rclcpp/any_executable.hpp:20[m[K,
[6.067s]                  from [01m[K/opt/ros/iron/include/rclcpp/rclcpp/memory_strategy.hpp:25[m[K,
[6.067s]                  from [01m[K/opt/ros/iron/include/rclcpp/rclcpp/memory_strategies.hpp:18[m[K,
[6.067s]                  from [01m[K/opt/ros/iron/include/rclcpp/rclcpp/executor_options.hpp:20[m[K,
[6.067s]                  from [01m[K/opt/ros/iron/include/rclcpp/rclcpp/executor.hpp:37[m[K,
[6.067s]                  from [01m[K/opt/ros/iron/include/rclcpp/rclcpp/executors/multi_threaded_executor.hpp:25[m[K,
[6.067s]                  from [01m[K/opt/ros/iron/include/rclcpp/rclcpp/executors.hpp:21[m[K,
[6.067s]                  from [01m[K/opt/ros/iron/include/rclcpp/rclcpp/rclcpp.hpp:167[m[K,
[6.067s]                  from [01m[K/home/buhrmann/ws_moveit/src/ur5_moveit_test/src/ur5_image_octmap_path.cpp:2[m[K:
[6.067s] [01m[K/home/buhrmann/ws_moveit/src/ur5_moveit_test/src/ur5_image_octmap_path.cpp:300:26:[m[K [01;31m[Kerror: [m[Kinvalid use of â€˜[01m[Kthis[m[Kâ€™ in non-member function
[6.067s]   300 |              RCLCPP_WARN([01;31m[Kthis[m[K->get_logger(), "Filtered point cloud is empty, not publishing");
[6.068s]       |                          [01;31m[K^~~~[m[K
[6.068s] [01m[K/home/buhrmann/ws_moveit/src/ur5_moveit_test/src/ur5_image_octmap_path.cpp:300:26:[m[K [01;31m[Kerror: [m[Kinvalid use of â€˜[01m[Kthis[m[Kâ€™ in non-member function
[6.068s]   300 |              RCLCPP_WARN([01;31m[Kthis[m[K->get_logger(), "Filtered point cloud is empty, not publishing");
[6.068s]       |                          [01;31m[K^~~~[m[K
[6.068s] [01m[K/home/buhrmann/ws_moveit/src/ur5_moveit_test/src/ur5_image_octmap_path.cpp:307:38:[m[K [01;31m[Kerror: [m[Kinvalid use of â€˜[01m[Kthis[m[Kâ€™ in non-member function
[6.068s]   307 |             cloud_msg.header.stamp = [01;31m[Kthis[m[K->now();
[6.068s]       |                                      [01;31m[K^~~~[m[K
[6.080s] [01m[K/home/buhrmann/ws_moveit/src/ur5_moveit_test/src/ur5_image_octmap_path.cpp:308:13:[m[K [01;31m[Kerror: [m[Kâ€˜[01m[Kpointcloud_pub_[m[Kâ€™ was not declared in this scope
[6.080s]   308 |             [01;31m[Kpointcloud_pub_[m[K->publish(cloud_msg);
[6.080s]       |             [01;31m[K^~~~~~~~~~~~~~~[m[K
[6.087s] [01m[K/home/buhrmann/ws_moveit/src/ur5_moveit_test/src/ur5_image_octmap_path.cpp:310:18:[m[K [01;31m[Kerror: [m[Kâ€˜[01m[Kclient_[m[Kâ€™ was not declared in this scope
[6.087s]   310 |             if (![01;31m[Kclient_[m[K->wait_for_service(std::chrono::seconds(1))) {
[6.087s]       |                  [01;31m[K^~~~~~~[m[K
[6.087s] In file included from [01m[K/opt/ros/iron/include/rclcpp/rclcpp/client.hpp:43[m[K,
[6.087s]                  from [01m[K/opt/ros/iron/include/rclcpp/rclcpp/callback_group.hpp:24[m[K,
[6.087s]                  from [01m[K/opt/ros/iron/include/rclcpp/rclcpp/any_executable.hpp:20[m[K,
[6.087s]                  from [01m[K/opt/ros/iron/include/rclcpp/rclcpp/memory_strategy.hpp:25[m[K,
[6.087s]                  from [01m[K/opt/ros/iron/include/rclcpp/rclcpp/memory_strategies.hpp:18[m[K,
[6.087s]                  from [01m[K/opt/ros/iron/include/rclcpp/rclcpp/executor_options.hpp:20[m[K,
[6.087s]                  from [01m[K/opt/ros/iron/include/rclcpp/rclcpp/executor.hpp:37[m[K,
[6.087s]                  from [01m[K/opt/ros/iron/include/rclcpp/rclcpp/executors/multi_threaded_executor.hpp:25[m[K,
[6.087s]                  from [01m[K/opt/ros/iron/include/rclcpp/rclcpp/executors.hpp:21[m[K,
[6.087s]                  from [01m[K/opt/ros/iron/include/rclcpp/rclcpp/rclcpp.hpp:167[m[K,
[6.087s]                  from [01m[K/home/buhrmann/ws_moveit/src/ur5_moveit_test/src/ur5_image_octmap_path.cpp:2[m[K:
[6.087s] [01m[K/home/buhrmann/ws_moveit/src/ur5_moveit_test/src/ur5_image_octmap_path.cpp:311:29:[m[K [01;31m[Kerror: [m[Kinvalid use of â€˜[01m[Kthis[m[Kâ€™ in non-member function
[6.087s]   311 |                 RCLCPP_INFO([01;31m[Kthis[m[K->get_logger(), "Waiting for service to appear...");
[6.087s]       |                             [01;31m[K^~~~[m[K
[6.087s] [01m[K/home/buhrmann/ws_moveit/src/ur5_moveit_test/src/ur5_image_octmap_path.cpp:311:29:[m[K [01;31m[Kerror: [m[Kinvalid use of â€˜[01m[Kthis[m[Kâ€™ in non-member function
[6.087s] [01m[K/home/buhrmann/ws_moveit/src/ur5_moveit_test/src/ur5_image_octmap_path.cpp:311:17:[m[K [01;31m[Kerror: [m[Ktemplate argument 1 is invalid
[6.087s]   311 |                 [01;31m[KRCLCPP_INFO[m[K(this->get_logger(), "Waiting for service to appear...");
[6.088s]       |                 [01;31m[K^~~~~~~~~~~[m[K
[6.088s] [01m[K/home/buhrmann/ws_moveit/src/ur5_moveit_test/src/ur5_image_octmap_path.cpp:311:17:[m[K [01;31m[Kerror: [m[Ktemplate argument 1 is invalid
[6.088s]   311 |                 [01;31m[KRCLCPP_INFO[m[K(this->get_logger(), "Waiting for service to appear...");
[6.088s]       |                 [01;31m[K^~~~~~~~~~~[m[K
[6.088s] [01m[K/home/buhrmann/ws_moveit/src/ur5_moveit_test/src/ur5_image_octmap_path.cpp:311:17:[m[K [01;31m[Kerror: [m[Ktemplate argument 1 is invalid
[6.088s]   311 |                 [01;31m[KRCLCPP_INFO[m[K(this->get_logger(), "Waiting for service to appear...");
[6.088s]       |                 [01;31m[K^~~~~~~~~~~[m[K
[6.088s] In file included from [01m[K/opt/ros/iron/include/rclcpp/rclcpp/logging.hpp:24[m[K,
[6.088s]                  from [01m[K/opt/ros/iron/include/rclcpp/rclcpp/client.hpp:43[m[K,
[6.088s]                  from [01m[K/opt/ros/iron/include/rclcpp/rclcpp/callback_group.hpp:24[m[K,
[6.088s]                  from [01m[K/opt/ros/iron/include/rclcpp/rclcpp/any_executable.hpp:20[m[K,
[6.088s]                  from [01m[K/opt/ros/iron/include/rclcpp/rclcpp/memory_strategy.hpp:25[m[K,
[6.088s]                  from [01m[K/opt/ros/iron/include/rclcpp/rclcpp/memory_strategies.hpp:18[m[K,
[6.088s]                  from [01m[K/opt/ros/iron/include/rclcpp/rclcpp/executor_options.hpp:20[m[K,
[6.088s]                  from [01m[K/opt/ros/iron/include/rclcpp/rclcpp/executor.hpp:37[m[K,
[6.088s]                  from [01m[K/opt/ros/iron/include/rclcpp/rclcpp/executors/multi_threaded_executor.hpp:25[m[K,
[6.088s]                  from [01m[K/opt/ros/iron/include/rclcpp/rclcpp/executors.hpp:21[m[K,
[6.088s]                  from [01m[K/opt/ros/iron/include/rclcpp/rclcpp/rclcpp.hpp:167[m[K,
[6.088s]                  from [01m[K/home/buhrmann/ws_moveit/src/ur5_moveit_test/src/ur5_image_octmap_path.cpp:2[m[K:
[6.088s] [01m[K/home/buhrmann/ws_moveit/src/ur5_moveit_test/src/ur5_image_octmap_path.cpp:311:29:[m[K [01;31m[Kerror: [m[Kinvalid use of â€˜[01m[Kthis[m[Kâ€™ in non-member function
[6.088s]   311 |                 RCLCPP_INFO([01;31m[Kthis[m[K->get_logger(), "Waiting for service to appear...");
[6.088s]       |                             [01;31m[K^~~~[m[K
[6.088s] [01m[K/home/buhrmann/ws_moveit/src/ur5_moveit_test/src/ur5_image_octmap_path.cpp:311:29:[m[K [01;31m[Kerror: [m[Kinvalid use of â€˜[01m[Kthis[m[Kâ€™ in non-member function
[6.088s]   311 |                 RCLCPP_INFO([01;31m[Kthis[m[K->get_logger(), "Waiting for service to appear...");
[6.088s]       |                             [01;31m[K^~~~[m[K
[6.095s] [01m[K/home/buhrmann/ws_moveit/src/ur5_moveit_test/src/ur5_image_octmap_path.cpp:319:34:[m[K [01;31m[Kerror: [m[Kâ€˜[01m[Kclient_[m[Kâ€™ was not declared in this scope
[6.095s]   319 |             auto result_future = [01;31m[Kclient_[m[K->async_send_request(request,
[6.095s]       |                                  [01;31m[K^~~~~~~[m[K
[6.095s] [01m[K/home/buhrmann/ws_moveit/src/ur5_moveit_test/src/ur5_image_octmap_path.cpp:320:18:[m[K [01;31m[Kerror: [m[Kinvalid use of â€˜[01m[Kthis[m[Kâ€™ in non-member function
[6.095s]   320 |                 [[01;31m[Kthis[m[K, max_height](rclcpp::Client<common_services_package::srv::GetPlantpotCoords>::SharedFuture future) {
[6.095s]       |                  [01;31m[K^~~~[m[K
[6.096s] In file included from [01m[K/opt/ros/iron/include/rclcpp/rclcpp/client.hpp:43[m[K,
[6.096s]                  from [01m[K/opt/ros/iron/include/rclcpp/rclcpp/callback_group.hpp:24[m[K,
[6.096s]                  from [01m[K/opt/ros/iron/include/rclcpp/rclcpp/any_executable.hpp:20[m[K,
[6.096s]                  from [01m[K/opt/ros/iron/include/rclcpp/rclcpp/memory_strategy.hpp:25[m[K,
[6.096s]                  from [01m[K/opt/ros/iron/include/rclcpp/rclcpp/memory_strategies.hpp:18[m[K,
[6.096s]                  from [01m[K/opt/ros/iron/include/rclcpp/rclcpp/executor_options.hpp:20[m[K,
[6.096s]                  from [01m[K/opt/ros/iron/include/rclcpp/rclcpp/executor.hpp:37[m[K,
[6.096s]                  from [01m[K/opt/ros/iron/include/rclcpp/rclcpp/executors/multi_threaded_executor.hpp:25[m[K,
[6.096s]                  from [01m[K/opt/ros/iron/include/rclcpp/rclcpp/executors.hpp:21[m[K,
[6.096s]                  from [01m[K/opt/ros/iron/include/rclcpp/rclcpp/rclcpp.hpp:167[m[K,
[6.096s]                  from [01m[K/home/buhrmann/ws_moveit/src/ur5_moveit_test/src/ur5_image_octmap_path.cpp:2[m[K:
[6.096s] [01m[K/home/buhrmann/ws_moveit/src/ur5_moveit_test/src/ur5_image_octmap_path.cpp:[m[K In lambda function:
[6.096s] [01m[K/home/buhrmann/ws_moveit/src/ur5_moveit_test/src/ur5_image_octmap_path.cpp:322:33:[m[K [01;31m[Kerror: [m[Kinvalid use of â€˜[01m[Kthis[m[Kâ€™ in non-member function
[6.096s]   322 |                     RCLCPP_INFO([01;31m[Kthis[m[K->get_logger(), "Received point: x=%.3f, y=%.3f, z=%.3f", msg.x, msg.y, msg.z);
[6.096s]       |                                 [01;31m[K^~~~[m[K
[6.096s] [01m[K/home/buhrmann/ws_moveit/src/ur5_moveit_test/src/ur5_image_octmap_path.cpp:322:33:[m[K [01;31m[Kerror: [m[Kinvalid use of â€˜[01m[Kthis[m[Kâ€™ in non-member function
[6.096s] [01m[K/home/buhrmann/ws_moveit/src/ur5_moveit_test/src/ur5_image_octmap_path.cpp:322:21:[m[K [01;31m[Kerror: [m[Ktemplate argument 1 is invalid
[6.096s]   322 |                     [01;31m[KRCLCPP_INFO[m[K(this->get_logger(), "Received point: x=%.3f, y=%.3f, z=%.3f", msg.x, msg.y, msg.z);
[6.096s]       |                     [01;31m[K^~~~~~~~~~~[m[K
[6.096s] [01m[K/home/buhrmann/ws_moveit/src/ur5_moveit_test/src/ur5_image_octmap_path.cpp:322:21:[m[K [01;31m[Kerror: [m[Ktemplate argument 1 is invalid
[6.096s]   322 |                     [01;31m[KRCLCPP_INFO[m[K(this->get_logger(), "Received point: x=%.3f, y=%.3f, z=%.3f", msg.x, msg.y, msg.z);
[6.096s]       |                     [01;31m[K^~~~~~~~~~~[m[K
[6.096s] [01m[K/home/buhrmann/ws_moveit/src/ur5_moveit_test/src/ur5_image_octmap_path.cpp:322:21:[m[K [01;31m[Kerror: [m[Ktemplate argument 1 is invalid
[6.096s]   322 |                     [01;31m[KRCLCPP_INFO[m[K(this->get_logger(), "Received point: x=%.3f, y=%.3f, z=%.3f", msg.x, msg.y, msg.z);
[6.096s]       |                     [01;31m[K^~~~~~~~~~~[m[K
[6.096s] In file included from [01m[K/opt/ros/iron/include/rclcpp/rclcpp/logging.hpp:24[m[K,
[6.096s]                  from [01m[K/opt/ros/iron/include/rclcpp/rclcpp/client.hpp:43[m[K,
[6.096s]                  from [01m[K/opt/ros/iron/include/rclcpp/rclcpp/callback_group.hpp:24[m[K,
[6.096s]                  from [01m[K/opt/ros/iron/include/rclcpp/rclcpp/any_executable.hpp:20[m[K,
[6.096s]                  from [01m[K/opt/ros/iron/include/rclcpp/rclcpp/memory_strategy.hpp:25[m[K,
[6.096s]                  from [01m[K/opt/ros/iron/include/rclcpp/rclcpp/memory_strategies.hpp:18[m[K,
[6.096s]                  from [01m[K/opt/ros/iron/include/rclcpp/rclcpp/executor_options.hpp:20[m[K,
[6.096s]                  from [01m[K/opt/ros/iron/include/rclcpp/rclcpp/executor.hpp:37[m[K,
[6.096s]                  from [01m[K/opt/ros/iron/include/rclcpp/rclcpp/executors/multi_threaded_executor.hpp:25[m[K,
[6.096s]                  from [01m[K/opt/ros/iron/include/rclcpp/rclcpp/executors.hpp:21[m[K,
[6.096s]                  from [01m[K/opt/ros/iron/include/rclcpp/rclcpp/rclcpp.hpp:167[m[K,
[6.096s]                  from [01m[K/home/buhrmann/ws_moveit/src/ur5_moveit_test/src/ur5_image_octmap_path.cpp:2[m[K:
[6.096s] [01m[K/home/buhrmann/ws_moveit/src/ur5_moveit_test/src/ur5_image_octmap_path.cpp:322:33:[m[K [01;31m[Kerror: [m[Kâ€˜[01m[Kthis[m[Kâ€™ was not captured for this lambda function
[6.096s]   322 |                     RCLCPP_INFO([01;31m[Kthis[m[K->get_logger(), "Received point: x=%.3f, y=%.3f, z=%.3f", msg.x, msg.y, msg.z);
[6.096s]       |                                 [01;31m[K^~~~[m[K
[6.096s] [01m[K/home/buhrmann/ws_moveit/src/ur5_moveit_test/src/ur5_image_octmap_path.cpp:322:33:[m[K [01;31m[Kerror: [m[Kâ€˜[01m[Kthis[m[Kâ€™ was not captured for this lambda function
[6.096s]   322 |                     RCLCPP_INFO([01;31m[Kthis[m[K->get_logger(), "Received point: x=%.3f, y=%.3f, z=%.3f", msg.x, msg.y, msg.z);
[6.096s]       |                                 [01;31m[K^~~~[m[K
[6.125s] [01m[K/home/buhrmann/ws_moveit/src/ur5_moveit_test/src/ur5_image_octmap_path.cpp:323:21:[m[K [01;31m[Kerror: [m[Kâ€˜[01m[KprocessTargetCoordinates[m[Kâ€™ was not declared in this scope
[6.125s]   323 |                     [01;31m[KprocessTargetCoordinates[m[K(msg, max_height);
[6.125s]       |                     [01;31m[K^~~~~~~~~~~~~~~~~~~~~~~~[m[K
[6.125s] In file included from [01m[K/opt/ros/iron/include/rclcpp/rclcpp/client.hpp:43[m[K,
[6.125s]                  from [01m[K/opt/ros/iron/include/rclcpp/rclcpp/callback_group.hpp:24[m[K,
[6.125s]                  from [01m[K/opt/ros/iron/include/rclcpp/rclcpp/any_executable.hpp:20[m[K,
[6.125s]                  from [01m[K/opt/ros/iron/include/rclcpp/rclcpp/memory_strategy.hpp:25[m[K,
[6.125s]                  from [01m[K/opt/ros/iron/include/rclcpp/rclcpp/memory_strategies.hpp:18[m[K,
[6.125s]                  from [01m[K/opt/ros/iron/include/rclcpp/rclcpp/executor_options.hpp:20[m[K,
[6.125s]                  from [01m[K/opt/ros/iron/include/rclcpp/rclcpp/executor.hpp:37[m[K,
[6.125s]                  from [01m[K/opt/ros/iron/include/rclcpp/rclcpp/executors/multi_threaded_executor.hpp:25[m[K,
[6.125s]                  from [01m[K/opt/ros/iron/include/rclcpp/rclcpp/executors.hpp:21[m[K,
[6.125s]                  from [01m[K/opt/ros/iron/include/rclcpp/rclcpp/rclcpp.hpp:167[m[K,
[6.125s]                  from [01m[K/home/buhrmann/ws_moveit/src/ur5_moveit_test/src/ur5_image_octmap_path.cpp:2[m[K:
[6.125s] [01m[K/home/buhrmann/ws_moveit/src/ur5_moveit_test/src/ur5_image_octmap_path.cpp:[m[K In function â€˜[01m[Kvoid runMain()[m[Kâ€™:
[6.125s] [01m[K/home/buhrmann/ws_moveit/src/ur5_moveit_test/src/ur5_image_octmap_path.cpp:327:26:[m[K [01;31m[Kerror: [m[Kinvalid use of â€˜[01m[Kthis[m[Kâ€™ in non-member function
[6.125s]   327 |             RCLCPP_ERROR([01;31m[Kthis[m[K->get_logger(), "Failed to get transform: %s", e.what());
[6.125s]       |                          [01;31m[K^~~~[m[K
[6.125s] [01m[K/home/buhrmann/ws_moveit/src/ur5_moveit_test/src/ur5_image_octmap_path.cpp:327:26:[m[K [01;31m[Kerror: [m[Kinvalid use of â€˜[01m[Kthis[m[Kâ€™ in non-member function
[6.125s] [01m[K/home/buhrmann/ws_moveit/src/ur5_moveit_test/src/ur5_image_octmap_path.cpp:327:13:[m[K [01;31m[Kerror: [m[Ktemplate argument 1 is invalid
[6.125s]   327 |             [01;31m[KRCLCPP_ERROR[m[K(this->get_logger(), "Failed to get transform: %s", e.what());
[6.125s]       |             [01;31m[K^~~~~~~~~~~~[m[K
[6.125s] [01m[K/home/buhrmann/ws_moveit/src/ur5_moveit_test/src/ur5_image_octmap_path.cpp:327:13:[m[K [01;31m[Kerror: [m[Ktemplate argument 1 is invalid
[6.125s]   327 |             [01;31m[KRCLCPP_ERROR[m[K(this->get_logger(), "Failed to get transform: %s", e.what());
[6.125s]       |             [01;31m[K^~~~~~~~~~~~[m[K
[6.125s] [01m[K/home/buhrmann/ws_moveit/src/ur5_moveit_test/src/ur5_image_octmap_path.cpp:327:13:[m[K [01;31m[Kerror: [m[Ktemplate argument 1 is invalid
[6.125s]   327 |             [01;31m[KRCLCPP_ERROR[m[K(this->get_logger(), "Failed to get transform: %s", e.what());
[6.125s]       |             [01;31m[K^~~~~~~~~~~~[m[K
[6.125s] In file included from [01m[K/opt/ros/iron/include/rclcpp/rclcpp/logging.hpp:24[m[K,
[6.125s]                  from [01m[K/opt/ros/iron/include/rclcpp/rclcpp/client.hpp:43[m[K,
[6.125s]                  from [01m[K/opt/ros/iron/include/rclcpp/rclcpp/callback_group.hpp:24[m[K,
[6.125s]                  from [01m[K/opt/ros/iron/include/rclcpp/rclcpp/any_executable.hpp:20[m[K,
[6.125s]                  from [01m[K/opt/ros/iron/include/rclcpp/rclcpp/memory_strategy.hpp:25[m[K,
[6.125s]                  from [01m[K/opt/ros/iron/include/rclcpp/rclcpp/memory_strategies.hpp:18[m[K,
[6.125s]                  from [01m[K/opt/ros/iron/include/rclcpp/rclcpp/executor_options.hpp:20[m[K,
[6.126s]                  from [01m[K/opt/ros/iron/include/rclcpp/rclcpp/executor.hpp:37[m[K,
[6.126s]                  from [01m[K/opt/ros/iron/include/rclcpp/rclcpp/executors/multi_threaded_executor.hpp:25[m[K,
[6.126s]                  from [01m[K/opt/ros/iron/include/rclcpp/rclcpp/executors.hpp:21[m[K,
[6.126s]                  from [01m[K/opt/ros/iron/include/rclcpp/rclcpp/rclcpp.hpp:167[m[K,
[6.126s]                  from [01m[K/home/buhrmann/ws_moveit/src/ur5_moveit_test/src/ur5_image_octmap_path.cpp:2[m[K:
[6.126s] [01m[K/home/buhrmann/ws_moveit/src/ur5_moveit_test/src/ur5_image_octmap_path.cpp:327:26:[m[K [01;31m[Kerror: [m[Kinvalid use of â€˜[01m[Kthis[m[Kâ€™ in non-member function
[6.126s]   327 |             RCLCPP_ERROR([01;31m[Kthis[m[K->get_logger(), "Failed to get transform: %s", e.what());
[6.126s]       |                          [01;31m[K^~~~[m[K
[6.126s] [01m[K/home/buhrmann/ws_moveit/src/ur5_moveit_test/src/ur5_image_octmap_path.cpp:327:26:[m[K [01;31m[Kerror: [m[Kinvalid use of â€˜[01m[Kthis[m[Kâ€™ in non-member function
[6.126s]   327 |             RCLCPP_ERROR([01;31m[Kthis[m[K->get_logger(), "Failed to get transform: %s", e.what());
[6.126s]       |                          [01;31m[K^~~~[m[K
[6.126s] [01m[K/home/buhrmann/ws_moveit/src/ur5_moveit_test/src/ur5_image_octmap_path.cpp:[m[K In function â€˜[01m[Kvoid processTargetCoordinates(const Point&, float)[m[Kâ€™:
[6.126s] [01m[K/home/buhrmann/ws_moveit/src/ur5_moveit_test/src/ur5_image_octmap_path.cpp:426:35:[m[K [01;31m[Kerror: [m[Kinvalid use of â€˜[01m[Kthis[m[Kâ€™ in non-member function
[6.126s]   426 |             marker.header.stamp = [01;31m[Kthis[m[K->now();
[6.126s]       |                                   [01;31m[K^~~~[m[K
[6.136s] [01m[K/home/buhrmann/ws_moveit/src/ur5_moveit_test/src/ur5_image_octmap_path.cpp:442:13:[m[K [01;31m[Kerror: [m[Kâ€˜[01m[Kmarker_pub_[m[Kâ€™ was not declared in this scope
[6.136s]   442 |             [01;31m[Kmarker_pub_[m[K->publish(marker);
[6.136s]       |             [01;31m[K^~~~~~~~~~~[m[K
[6.136s] In file included from [01m[K/opt/ros/iron/include/rclcpp/rclcpp/client.hpp:43[m[K,
[6.136s]                  from [01m[K/opt/ros/iron/include/rclcpp/rclcpp/callback_group.hpp:24[m[K,
[6.136s]                  from [01m[K/opt/ros/iron/include/rclcpp/rclcpp/any_executable.hpp:20[m[K,
[6.136s]                  from [01m[K/opt/ros/iron/include/rclcpp/rclcpp/memory_strategy.hpp:25[m[K,
[6.136s]                  from [01m[K/opt/ros/iron/include/rclcpp/rclcpp/memory_strategies.hpp:18[m[K,
[6.136s]                  from [01m[K/opt/ros/iron/include/rclcpp/rclcpp/executor_options.hpp:20[m[K,
[6.136s]                  from [01m[K/opt/ros/iron/include/rclcpp/rclcpp/executor.hpp:37[m[K,
[6.136s]                  from [01m[K/opt/ros/iron/include/rclcpp/rclcpp/executors/multi_threaded_executor.hpp:25[m[K,
[6.136s]                  from [01m[K/opt/ros/iron/include/rclcpp/rclcpp/executors.hpp:21[m[K,
[6.136s]                  from [01m[K/opt/ros/iron/include/rclcpp/rclcpp/rclcpp.hpp:167[m[K,
[6.136s]                  from [01m[K/home/buhrmann/ws_moveit/src/ur5_moveit_test/src/ur5_image_octmap_path.cpp:2[m[K:
[6.136s] [01m[K/home/buhrmann/ws_moveit/src/ur5_moveit_test/src/ur5_image_octmap_path.cpp:473:21:[m[K [01;31m[Kerror: [m[Kinvalid use of â€˜[01m[Kthis[m[Kâ€™ in non-member function
[6.136s]   473 |         RCLCPP_INFO([01;31m[Kthis[m[K->get_logger(), "Positions calculated, moving to target positions...");
[6.136s]       |                     [01;31m[K^~~~[m[K
[6.136s] [01m[K/home/buhrmann/ws_moveit/src/ur5_moveit_test/src/ur5_image_octmap_path.cpp:473:21:[m[K [01;31m[Kerror: [m[Kinvalid use of â€˜[01m[Kthis[m[Kâ€™ in non-member function
[6.136s] [01m[K/home/buhrmann/ws_moveit/src/ur5_moveit_test/src/ur5_image_octmap_path.cpp:473:9:[m[K [01;31m[Kerror: [m[Ktemplate argument 1 is invalid
[6.136s]   473 |         [01;31m[KRCLCPP_INFO[m[K(this->get_logger(), "Positions calculated, moving to target positions...");
[6.136s]       |         [01;31m[K^~~~~~~~~~~[m[K
[6.136s] [01m[K/home/buhrmann/ws_moveit/src/ur5_moveit_test/src/ur5_image_octmap_path.cpp:473:9:[m[K [01;31m[Kerror: [m[Ktemplate argument 1 is invalid
[6.136s]   473 |         [01;31m[KRCLCPP_INFO[m[K(this->get_logger(), "Positions calculated, moving to target positions...");
[6.136s]       |         [01;31m[K^~~~~~~~~~~[m[K
[6.136s] [01m[K/home/buhrmann/ws_moveit/src/ur5_moveit_test/src/ur5_image_octmap_path.cpp:473:9:[m[K [01;31m[Kerror: [m[Ktemplate argument 1 is invalid
[6.136s]   473 |         [01;31m[KRCLCPP_INFO[m[K(this->get_logger(), "Positions calculated, moving to target positions...");
[6.136s]       |         [01;31m[K^~~~~~~~~~~[m[K
[6.136s] In file included from [01m[K/opt/ros/iron/include/rclcpp/rclcpp/logging.hpp:24[m[K,
[6.136s]                  from [01m[K/opt/ros/iron/include/rclcpp/rclcpp/client.hpp:43[m[K,
[6.136s]                  from [01m[K/opt/ros/iron/include/rclcpp/rclcpp/callback_group.hpp:24[m[K,
[6.136s]                  from [01m[K/opt/ros/iron/include/rclcpp/rclcpp/any_executable.hpp:20[m[K,
[6.136s]                  from [01m[K/opt/ros/iron/include/rclcpp/rclcpp/memory_strategy.hpp:25[m[K,
[6.136s]                  from [01m[K/opt/ros/iron/include/rclcpp/rclcpp/memory_strategies.hpp:18[m[K,
[6.136s]                  from [01m[K/opt/ros/iron/include/rclcpp/rclcpp/executor_options.hpp:20[m[K,
[6.136s]                  from [01m[K/opt/ros/iron/include/rclcpp/rclcpp/executor.hpp:37[m[K,
[6.136s]                  from [01m[K/opt/ros/iron/include/rclcpp/rclcpp/executors/multi_threaded_executor.hpp:25[m[K,
[6.136s]                  from [01m[K/opt/ros/iron/include/rclcpp/rclcpp/executors.hpp:21[m[K,
[6.136s]                  from [01m[K/opt/ros/iron/include/rclcpp/rclcpp/rclcpp.hpp:167[m[K,
[6.137s]                  from [01m[K/home/buhrmann/ws_moveit/src/ur5_moveit_test/src/ur5_image_octmap_path.cpp:2[m[K:
[6.137s] [01m[K/home/buhrmann/ws_moveit/src/ur5_moveit_test/src/ur5_image_octmap_path.cpp:473:21:[m[K [01;31m[Kerror: [m[Kinvalid use of â€˜[01m[Kthis[m[Kâ€™ in non-member function
[6.137s]   473 |         RCLCPP_INFO([01;31m[Kthis[m[K->get_logger(), "Positions calculated, moving to target positions...");
[6.137s]       |                     [01;31m[K^~~~[m[K
[6.137s] [01m[K/home/buhrmann/ws_moveit/src/ur5_moveit_test/src/ur5_image_octmap_path.cpp:473:21:[m[K [01;31m[Kerror: [m[Kinvalid use of â€˜[01m[Kthis[m[Kâ€™ in non-member function
[6.137s]   473 |         RCLCPP_INFO([01;31m[Kthis[m[K->get_logger(), "Positions calculated, moving to target positions...");
[6.137s]       |                     [01;31m[K^~~~[m[K
[6.148s] [01m[K/home/buhrmann/ws_moveit/src/ur5_moveit_test/src/ur5_image_octmap_path.cpp:474:9:[m[K [01;31m[Kerror: [m[Kâ€˜[01m[KmoveToTargets[m[Kâ€™ was not declared in this scope
[6.148s]   474 |         [01;31m[KmoveToTargets[m[K(target_poses);
[6.148s]       |         [01;31m[K^~~~~~~~~~~~~[m[K
[6.164s] [01m[K/home/buhrmann/ws_moveit/src/ur5_moveit_test/src/ur5_image_octmap_path.cpp:[m[K In function â€˜[01m[Kvoid moveToTargets(const std::vector<geometry_msgs::msg::Pose_<std::allocator<void> > >&)[m[Kâ€™:
[6.164s] [01m[K/home/buhrmann/ws_moveit/src/ur5_moveit_test/src/ur5_image_octmap_path.cpp:482:56:[m[K [01;31m[Kerror: [m[Kâ€˜[01m[Kshared_from_this[m[Kâ€™ was not declared in this scope
[6.164s]   482 |         auto move_group_interface = MoveGroupInterface([01;31m[Kshared_from_this[m[K(), options);
[6.164s]       |                                                        [01;31m[K^~~~~~~~~~~~~~~~[m[K
[6.164s] In file included from [01m[K/opt/ros/iron/include/rclcpp/rclcpp/client.hpp:43[m[K,
[6.164s]                  from [01m[K/opt/ros/iron/include/rclcpp/rclcpp/callback_group.hpp:24[m[K,
[6.164s]                  from [01m[K/opt/ros/iron/include/rclcpp/rclcpp/any_executable.hpp:20[m[K,
[6.164s]                  from [01m[K/opt/ros/iron/include/rclcpp/rclcpp/memory_strategy.hpp:25[m[K,
[6.164s]                  from [01m[K/opt/ros/iron/include/rclcpp/rclcpp/memory_strategies.hpp:18[m[K,
[6.164s]                  from [01m[K/opt/ros/iron/include/rclcpp/rclcpp/executor_options.hpp:20[m[K,
[6.164s]                  from [01m[K/opt/ros/iron/include/rclcpp/rclcpp/executor.hpp:37[m[K,
[6.164s]                  from [01m[K/opt/ros/iron/include/rclcpp/rclcpp/executors/multi_threaded_executor.hpp:25[m[K,
[6.164s]                  from [01m[K/opt/ros/iron/include/rclcpp/rclcpp/executors.hpp:21[m[K,
[6.164s]                  from [01m[K/opt/ros/iron/include/rclcpp/rclcpp/rclcpp.hpp:167[m[K,
[6.164s]                  from [01m[K/home/buhrmann/ws_moveit/src/ur5_moveit_test/src/ur5_image_octmap_path.cpp:2[m[K:
[6.164s] [01m[K/home/buhrmann/ws_moveit/src/ur5_moveit_test/src/ur5_image_octmap_path.cpp:522:21:[m[K [01;31m[Kerror: [m[Kinvalid use of â€˜[01m[Kthis[m[Kâ€™ in non-member function
[6.164s]   522 |         RCLCPP_INFO([01;31m[Kthis[m[K->get_logger(), "Motion planning to target %i", target_poses.size());
[6.164s]       |                     [01;31m[K^~~~[m[K
[6.164s] [01m[K/home/buhrmann/ws_moveit/src/ur5_moveit_test/src/ur5_image_octmap_path.cpp:522:21:[m[K [01;31m[Kerror: [m[Kinvalid use of â€˜[01m[Kthis[m[Kâ€™ in non-member function
[6.164s] [01m[K/home/buhrmann/ws_moveit/src/ur5_moveit_test/src/ur5_image_octmap_path.cpp:522:9:[m[K [01;31m[Kerror: [m[Ktemplate argument 1 is invalid
[6.165s]   522 |         [01;31m[KRCLCPP_INFO[m[K(this->get_logger(), "Motion planning to target %i", target_poses.size());
[6.165s]       |         [01;31m[K^~~~~~~~~~~[m[K
[6.165s] [01m[K/home/buhrmann/ws_moveit/src/ur5_moveit_test/src/ur5_image_octmap_path.cpp:522:9:[m[K [01;31m[Kerror: [m[Ktemplate argument 1 is invalid
[6.165s]   522 |         [01;31m[KRCLCPP_INFO[m[K(this->get_logger(), "Motion planning to target %i", target_poses.size());
[6.165s]       |         [01;31m[K^~~~~~~~~~~[m[K
[6.165s] [01m[K/home/buhrmann/ws_moveit/src/ur5_moveit_test/src/ur5_image_octmap_path.cpp:522:9:[m[K [01;31m[Kerror: [m[Ktemplate argument 1 is invalid
[6.165s]   522 |         [01;31m[KRCLCPP_INFO[m[K(this->get_logger(), "Motion planning to target %i", target_poses.size());
[6.165s]       |         [01;31m[K^~~~~~~~~~~[m[K
[6.165s] In file included from [01m[K/opt/ros/iron/include/rclcpp/rclcpp/logging.hpp:24[m[K,
[6.165s]                  from [01m[K/opt/ros/iron/include/rclcpp/rclcpp/client.hpp:43[m[K,
[6.165s]                  from [01m[K/opt/ros/iron/include/rclcpp/rclcpp/callback_group.hpp:24[m[K,
[6.165s]                  from [01m[K/opt/ros/iron/include/rclcpp/rclcpp/any_executable.hpp:20[m[K,
[6.165s]                  from [01m[K/opt/ros/iron/include/rclcpp/rclcpp/memory_strategy.hpp:25[m[K,
[6.165s]                  from [01m[K/opt/ros/iron/include/rclcpp/rclcpp/memory_strategies.hpp:18[m[K,
[6.165s]                  from [01m[K/opt/ros/iron/include/rclcpp/rclcpp/executor_options.hpp:20[m[K,
[6.165s]                  from [01m[K/opt/ros/iron/include/rclcpp/rclcpp/executor.hpp:37[m[K,
[6.165s]                  from [01m[K/opt/ros/iron/include/rclcpp/rclcpp/executors/multi_threaded_executor.hpp:25[m[K,
[6.165s]                  from [01m[K/opt/ros/iron/include/rclcpp/rclcpp/executors.hpp:21[m[K,
[6.165s]                  from [01m[K/opt/ros/iron/include/rclcpp/rclcpp/rclcpp.hpp:167[m[K,
[6.165s]                  from [01m[K/home/buhrmann/ws_moveit/src/ur5_moveit_test/src/ur5_image_octmap_path.cpp:2[m[K:
[6.165s] [01m[K/home/buhrmann/ws_moveit/src/ur5_moveit_test/src/ur5_image_octmap_path.cpp:522:21:[m[K [01;31m[Kerror: [m[Kinvalid use of â€˜[01m[Kthis[m[Kâ€™ in non-member function
[6.165s]   522 |         RCLCPP_INFO([01;31m[Kthis[m[K->get_logger(), "Motion planning to target %i", target_poses.size());
[6.165s]       |                     [01;31m[K^~~~[m[K
[6.165s] [01m[K/home/buhrmann/ws_moveit/src/ur5_moveit_test/src/ur5_image_octmap_path.cpp:522:21:[m[K [01;31m[Kerror: [m[Kinvalid use of â€˜[01m[Kthis[m[Kâ€™ in non-member function
[6.165s]   522 |         RCLCPP_INFO([01;31m[Kthis[m[K->get_logger(), "Motion planning to target %i", target_poses.size());
[6.165s]       |                     [01;31m[K^~~~[m[K
[6.165s] In file included from [01m[K/opt/ros/iron/include/rclcpp/rclcpp/client.hpp:43[m[K,
[6.165s]                  from [01m[K/opt/ros/iron/include/rclcpp/rclcpp/callback_group.hpp:24[m[K,
[6.165s]                  from [01m[K/opt/ros/iron/include/rclcpp/rclcpp/any_executable.hpp:20[m[K,
[6.165s]                  from [01m[K/opt/ros/iron/include/rclcpp/rclcpp/memory_strategy.hpp:25[m[K,
[6.165s]                  from [01m[K/opt/ros/iron/include/rclcpp/rclcpp/memory_strategies.hpp:18[m[K,
[6.165s]                  from [01m[K/opt/ros/iron/include/rclcpp/rclcpp/executor_options.hpp:20[m[K,
[6.165s]                  from [01m[K/opt/ros/iron/include/rclcpp/rclcpp/executor.hpp:37[m[K,
[6.165s]                  from [01m[K/opt/ros/iron/include/rclcpp/rclcpp/executors/multi_threaded_executor.hpp:25[m[K,
[6.165s]                  from [01m[K/opt/ros/iron/include/rclcpp/rclcpp/executors.hpp:21[m[K,
[6.165s]                  from [01m[K/opt/ros/iron/include/rclcpp/rclcpp/rclcpp.hpp:167[m[K,
[6.165s]                  from [01m[K/home/buhrmann/ws_moveit/src/ur5_moveit_test/src/ur5_image_octmap_path.cpp:2[m[K:
[6.165s] [01m[K/home/buhrmann/ws_moveit/src/ur5_moveit_test/src/ur5_image_octmap_path.cpp:533:21:[m[K [01;31m[Kerror: [m[Kinvalid use of â€˜[01m[Kthis[m[Kâ€™ in non-member function
[6.165s]   533 |         RCLCPP_INFO([01;31m[Kthis[m[K->get_logger(), "Motion planning to target %i", target_poses.size());
[6.165s]       |                     [01;31m[K^~~~[m[K
[6.165s] [01m[K/home/buhrmann/ws_moveit/src/ur5_moveit_test/src/ur5_image_octmap_path.cpp:533:21:[m[K [01;31m[Kerror: [m[Kinvalid use of â€˜[01m[Kthis[m[Kâ€™ in non-member function
[6.165s] [01m[K/home/buhrmann/ws_moveit/src/ur5_moveit_test/src/ur5_image_octmap_path.cpp:533:9:[m[K [01;31m[Kerror: [m[Ktemplate argument 1 is invalid
[6.165s]   533 |         [01;31m[KRCLCPP_INFO[m[K(this->get_logger(), "Motion planning to target %i", target_poses.size());
[6.165s]       |         [01;31m[K^~~~~~~~~~~[m[K
[6.165s] [01m[K/home/buhrmann/ws_moveit/src/ur5_moveit_test/src/ur5_image_octmap_path.cpp:533:9:[m[K [01;31m[Kerror: [m[Ktemplate argument 1 is invalid
[6.165s]   533 |         [01;31m[KRCLCPP_INFO[m[K(this->get_logger(), "Motion planning to target %i", target_poses.size());
[6.165s]       |         [01;31m[K^~~~~~~~~~~[m[K
[6.165s] [01m[K/home/buhrmann/ws_moveit/src/ur5_moveit_test/src/ur5_image_octmap_path.cpp:533:9:[m[K [01;31m[Kerror: [m[Ktemplate argument 1 is invalid
[6.165s]   533 |         [01;31m[KRCLCPP_INFO[m[K(this->get_logger(), "Motion planning to target %i", target_poses.size());
[6.165s]       |         [01;31m[K^~~~~~~~~~~[m[K
[6.166s] In file included from [01m[K/opt/ros/iron/include/rclcpp/rclcpp/logging.hpp:24[m[K,
[6.166s]                  from [01m[K/opt/ros/iron/include/rclcpp/rclcpp/client.hpp:43[m[K,
[6.166s]                  from [01m[K/opt/ros/iron/include/rclcpp/rclcpp/callback_group.hpp:24[m[K,
[6.166s]                  from [01m[K/opt/ros/iron/include/rclcpp/rclcpp/any_executable.hpp:20[m[K,
[6.166s]                  from [01m[K/opt/ros/iron/include/rclcpp/rclcpp/memory_strategy.hpp:25[m[K,
[6.166s]                  from [01m[K/opt/ros/iron/include/rclcpp/rclcpp/memory_strategies.hpp:18[m[K,
[6.166s]                  from [01m[K/opt/ros/iron/include/rclcpp/rclcpp/executor_options.hpp:20[m[K,
[6.166s]                  from [01m[K/opt/ros/iron/include/rclcpp/rclcpp/executor.hpp:37[m[K,
[6.166s]                  from [01m[K/opt/ros/iron/include/rclcpp/rclcpp/executors/multi_threaded_executor.hpp:25[m[K,
[6.166s]                  from [01m[K/opt/ros/iron/include/rclcpp/rclcpp/executors.hpp:21[m[K,
[6.166s]                  from [01m[K/opt/ros/iron/include/rclcpp/rclcpp/rclcpp.hpp:167[m[K,
[6.166s]                  from [01m[K/home/buhrmann/ws_moveit/src/ur5_moveit_test/src/ur5_image_octmap_path.cpp:2[m[K:
[6.166s] [01m[K/home/buhrmann/ws_moveit/src/ur5_moveit_test/src/ur5_image_octmap_path.cpp:533:21:[m[K [01;31m[Kerror: [m[Kinvalid use of â€˜[01m[Kthis[m[Kâ€™ in non-member function
[6.166s]   533 |         RCLCPP_INFO([01;31m[Kthis[m[K->get_logger(), "Motion planning to target %i", target_poses.size());
[6.166s]       |                     [01;31m[K^~~~[m[K
[6.166s] [01m[K/home/buhrmann/ws_moveit/src/ur5_moveit_test/src/ur5_image_octmap_path.cpp:533:21:[m[K [01;31m[Kerror: [m[Kinvalid use of â€˜[01m[Kthis[m[Kâ€™ in non-member function
[6.166s]   533 |         RCLCPP_INFO([01;31m[Kthis[m[K->get_logger(), "Motion planning to target %i", target_poses.size());
[6.166s]       |                     [01;31m[K^~~~[m[K
[6.166s] In file included from [01m[K/opt/ros/iron/include/rclcpp/rclcpp/client.hpp:43[m[K,
[6.166s]                  from [01m[K/opt/ros/iron/include/rclcpp/rclcpp/callback_group.hpp:24[m[K,
[6.166s]                  from [01m[K/opt/ros/iron/include/rclcpp/rclcpp/any_executable.hpp:20[m[K,
[6.166s]                  from [01m[K/opt/ros/iron/include/rclcpp/rclcpp/memory_strategy.hpp:25[m[K,
[6.166s]                  from [01m[K/opt/ros/iron/include/rclcpp/rclcpp/memory_strategies.hpp:18[m[K,
[6.166s]                  from [01m[K/opt/ros/iron/include/rclcpp/rclcpp/executor_options.hpp:20[m[K,
[6.166s]                  from [01m[K/opt/ros/iron/include/rclcpp/rclcpp/executor.hpp:37[m[K,
[6.166s]                  from [01m[K/opt/ros/iron/include/rclcpp/rclcpp/executors/multi_threaded_executor.hpp:25[m[K,
[6.166s]                  from [01m[K/opt/ros/iron/include/rclcpp/rclcpp/executors.hpp:21[m[K,
[6.166s]                  from [01m[K/opt/ros/iron/include/rclcpp/rclcpp/rclcpp.hpp:167[m[K,
[6.166s]                  from [01m[K/home/buhrmann/ws_moveit/src/ur5_moveit_test/src/ur5_image_octmap_path.cpp:2[m[K:
[6.167s] [01m[K/home/buhrmann/ws_moveit/src/ur5_moveit_test/src/ur5_image_octmap_path.cpp:535:25:[m[K [01;31m[Kerror: [m[Kinvalid use of â€˜[01m[Kthis[m[Kâ€™ in non-member function
[6.167s]   535 |             RCLCPP_INFO([01;31m[Kthis[m[K->get_logger(), "Motion planning to target %zu", i);
[6.167s]       |                         [01;31m[K^~~~[m[K
[6.167s] [01m[K/home/buhrmann/ws_moveit/src/ur5_moveit_test/src/ur5_image_octmap_path.cpp:535:25:[m[K [01;31m[Kerror: [m[Kinvalid use of â€˜[01m[Kthis[m[Kâ€™ in non-member function
[6.167s] [01m[K/home/buhrmann/ws_moveit/src/ur5_moveit_test/src/ur5_image_octmap_path.cpp:535:13:[m[K [01;31m[Kerror: [m[Ktemplate argument 1 is invalid
[6.167s]   535 |             [01;31m[KRCLCPP_INFO[m[K(this->get_logger(), "Motion planning to target %zu", i);
[6.167s]       |             [01;31m[K^~~~~~~~~~~[m[K
[6.167s] [01m[K/home/buhrmann/ws_moveit/src/ur5_moveit_test/src/ur5_image_octmap_path.cpp:535:13:[m[K [01;31m[Kerror: [m[Ktemplate argument 1 is invalid
[6.167s]   535 |             [01;31m[KRCLCPP_INFO[m[K(this->get_logger(), "Motion planning to target %zu", i);
[6.167s]       |             [01;31m[K^~~~~~~~~~~[m[K
[6.167s] [01m[K/home/buhrmann/ws_moveit/src/ur5_moveit_test/src/ur5_image_octmap_path.cpp:535:13:[m[K [01;31m[Kerror: [m[Ktemplate argument 1 is invalid
[6.167s]   535 |             [01;31m[KRCLCPP_INFO[m[K(this->get_logger(), "Motion planning to target %zu", i);
[6.167s]       |             [01;31m[K^~~~~~~~~~~[m[K
[6.167s] In file included from [01m[K/opt/ros/iron/include/rclcpp/rclcpp/logging.hpp:24[m[K,
[6.167s]                  from [01m[K/opt/ros/iron/include/rclcpp/rclcpp/client.hpp:43[m[K,
[6.167s]                  from [01m[K/opt/ros/iron/include/rclcpp/rclcpp/callback_group.hpp:24[m[K,
[6.167s]                  from [01m[K/opt/ros/iron/include/rclcpp/rclcpp/any_executable.hpp:20[m[K,
[6.167s]                  from [01m[K/opt/ros/iron/include/rclcpp/rclcpp/memory_strategy.hpp:25[m[K,
[6.167s]                  from [01m[K/opt/ros/iron/include/rclcpp/rclcpp/memory_strategies.hpp:18[m[K,
[6.167s]                  from [01m[K/opt/ros/iron/include/rclcpp/rclcpp/executor_options.hpp:20[m[K,
[6.167s]                  from [01m[K/opt/ros/iron/include/rclcpp/rclcpp/executor.hpp:37[m[K,
[6.167s]                  from [01m[K/opt/ros/iron/include/rclcpp/rclcpp/executors/multi_threaded_executor.hpp:25[m[K,
[6.167s]                  from [01m[K/opt/ros/iron/include/rclcpp/rclcpp/executors.hpp:21[m[K,
[6.167s]                  from [01m[K/opt/ros/iron/include/rclcpp/rclcpp/rclcpp.hpp:167[m[K,
[6.167s]                  from [01m[K/home/buhrmann/ws_moveit/src/ur5_moveit_test/src/ur5_image_octmap_path.cpp:2[m[K:
[6.167s] [01m[K/home/buhrmann/ws_moveit/src/ur5_moveit_test/src/ur5_image_octmap_path.cpp:535:25:[m[K [01;31m[Kerror: [m[Kinvalid use of â€˜[01m[Kthis[m[Kâ€™ in non-member function
[6.167s]   535 |             RCLCPP_INFO([01;31m[Kthis[m[K->get_logger(), "Motion planning to target %zu", i);
[6.167s]       |                         [01;31m[K^~~~[m[K
[6.167s] [01m[K/home/buhrmann/ws_moveit/src/ur5_moveit_test/src/ur5_image_octmap_path.cpp:535:25:[m[K [01;31m[Kerror: [m[Kinvalid use of â€˜[01m[Kthis[m[Kâ€™ in non-member function
[6.167s]   535 |             RCLCPP_INFO([01;31m[Kthis[m[K->get_logger(), "Motion planning to target %zu", i);
[6.167s]       |                         [01;31m[K^~~~[m[K
[6.167s] In file included from [01m[K/opt/ros/iron/include/rclcpp/rclcpp/client.hpp:43[m[K,
[6.167s]                  from [01m[K/opt/ros/iron/include/rclcpp/rclcpp/callback_group.hpp:24[m[K,
[6.167s]                  from [01m[K/opt/ros/iron/include/rclcpp/rclcpp/any_executable.hpp:20[m[K,
[6.167s]                  from [01m[K/opt/ros/iron/include/rclcpp/rclcpp/memory_strategy.hpp:25[m[K,
[6.167s]                  from [01m[K/opt/ros/iron/include/rclcpp/rclcpp/memory_strategies.hpp:18[m[K,
[6.167s]                  from [01m[K/opt/ros/iron/include/rclcpp/rclcpp/executor_options.hpp:20[m[K,
[6.167s]                  from [01m[K/opt/ros/iron/include/rclcpp/rclcpp/executor.hpp:37[m[K,
[6.167s]                  from [01m[K/opt/ros/iron/include/rclcpp/rclcpp/executors/multi_threaded_executor.hpp:25[m[K,
[6.167s]                  from [01m[K/opt/ros/iron/include/rclcpp/rclcpp/executors.hpp:21[m[K,
[6.167s]                  from [01m[K/opt/ros/iron/include/rclcpp/rclcpp/rclcpp.hpp:167[m[K,
[6.167s]                  from [01m[K/home/buhrmann/ws_moveit/src/ur5_moveit_test/src/ur5_image_octmap_path.cpp:2[m[K:
[6.167s] [01m[K/home/buhrmann/ws_moveit/src/ur5_moveit_test/src/ur5_image_octmap_path.cpp:540:29:[m[K [01;31m[Kerror: [m[Kinvalid use of â€˜[01m[Kthis[m[Kâ€™ in non-member function
[6.167s]   540 |                 RCLCPP_WARN([01;31m[Kthis[m[K->get_logger(), "Planning failed for target %zu", i);
[6.167s]       |                             [01;31m[K^~~~[m[K
[6.167s] [01m[K/home/buhrmann/ws_moveit/src/ur5_moveit_test/src/ur5_image_octmap_path.cpp:540:29:[m[K [01;31m[Kerror: [m[Kinvalid use of â€˜[01m[Kthis[m[Kâ€™ in non-member function
[6.167s] [01m[K/home/buhrmann/ws_moveit/src/ur5_moveit_test/src/ur5_image_octmap_path.cpp:540:17:[m[K [01;31m[Kerror: [m[Ktemplate argument 1 is invalid
[6.167s]   540 |                 [01;31m[KRCLCPP_WARN[m[K(this->get_logger(), "Planning failed for target %zu", i);
[6.167s]       |                 [01;31m[K^~~~~~~~~~~[m[K
[6.167s] [01m[K/home/buhrmann/ws_moveit/src/ur5_moveit_test/src/ur5_image_octmap_path.cpp:540:17:[m[K [01;31m[Kerror: [m[Ktemplate argument 1 is invalid
[6.167s]   540 |                 [01;31m[KRCLCPP_WARN[m[K(this->get_logger(), "Planning failed for target %zu", i);
[6.167s]       |                 [01;31m[K^~~~~~~~~~~[m[K
[6.167s] [01m[K/home/buhrmann/ws_moveit/src/ur5_moveit_test/src/ur5_image_octmap_path.cpp:540:17:[m[K [01;31m[Kerror: [m[Ktemplate argument 1 is invalid
[6.167s]   540 |                 [01;31m[KRCLCPP_WARN[m[K(this->get_logger(), "Planning failed for target %zu", i);
[6.168s]       |                 [01;31m[K^~~~~~~~~~~[m[K
[6.168s] In file included from [01m[K/opt/ros/iron/include/rclcpp/rclcpp/logging.hpp:24[m[K,
[6.168s]                  from [01m[K/opt/ros/iron/include/rclcpp/rclcpp/client.hpp:43[m[K,
[6.168s]                  from [01m[K/opt/ros/iron/include/rclcpp/rclcpp/callback_group.hpp:24[m[K,
[6.168s]                  from [01m[K/opt/ros/iron/include/rclcpp/rclcpp/any_executable.hpp:20[m[K,
[6.168s]                  from [01m[K/opt/ros/iron/include/rclcpp/rclcpp/memory_strategy.hpp:25[m[K,
[6.168s]                  from [01m[K/opt/ros/iron/include/rclcpp/rclcpp/memory_strategies.hpp:18[m[K,
[6.168s]                  from [01m[K/opt/ros/iron/include/rclcpp/rclcpp/executor_options.hpp:20[m[K,
[6.168s]                  from [01m[K/opt/ros/iron/include/rclcpp/rclcpp/executor.hpp:37[m[K,
[6.168s]                  from [01m[K/opt/ros/iron/include/rclcpp/rclcpp/executors/multi_threaded_executor.hpp:25[m[K,
[6.168s]                  from [01m[K/opt/ros/iron/include/rclcpp/rclcpp/executors.hpp:21[m[K,
[6.168s]                  from [01m[K/opt/ros/iron/include/rclcpp/rclcpp/rclcpp.hpp:167[m[K,
[6.168s]                  from [01m[K/home/buhrmann/ws_moveit/src/ur5_moveit_test/src/ur5_image_octmap_path.cpp:2[m[K:
[6.168s] [01m[K/home/buhrmann/ws_moveit/src/ur5_moveit_test/src/ur5_image_octmap_path.cpp:540:29:[m[K [01;31m[Kerror: [m[Kinvalid use of â€˜[01m[Kthis[m[Kâ€™ in non-member function
[6.168s]   540 |                 RCLCPP_WARN([01;31m[Kthis[m[K->get_logger(), "Planning failed for target %zu", i);
[6.168s]       |                             [01;31m[K^~~~[m[K
[6.168s] [01m[K/home/buhrmann/ws_moveit/src/ur5_moveit_test/src/ur5_image_octmap_path.cpp:540:29:[m[K [01;31m[Kerror: [m[Kinvalid use of â€˜[01m[Kthis[m[Kâ€™ in non-member function
[6.168s]   540 |                 RCLCPP_WARN([01;31m[Kthis[m[K->get_logger(), "Planning failed for target %zu", i);
[6.168s]       |                             [01;31m[K^~~~[m[K
[6.168s] In file included from [01m[K/opt/ros/iron/include/rclcpp/rclcpp/client.hpp:43[m[K,
[6.168s]                  from [01m[K/opt/ros/iron/include/rclcpp/rclcpp/callback_group.hpp:24[m[K,
[6.168s]                  from [01m[K/opt/ros/iron/include/rclcpp/rclcpp/any_executable.hpp:20[m[K,
[6.168s]                  from [01m[K/opt/ros/iron/include/rclcpp/rclcpp/memory_strategy.hpp:25[m[K,
[6.168s]                  from [01m[K/opt/ros/iron/include/rclcpp/rclcpp/memory_strategies.hpp:18[m[K,
[6.168s]                  from [01m[K/opt/ros/iron/include/rclcpp/rclcpp/executor_options.hpp:20[m[K,
[6.168s]                  from [01m[K/opt/ros/iron/include/rclcpp/rclcpp/executor.hpp:37[m[K,
[6.168s]                  from [01m[K/opt/ros/iron/include/rclcpp/rclcpp/executors/multi_threaded_executor.hpp:25[m[K,
[6.168s]                  from [01m[K/opt/ros/iron/include/rclcpp/rclcpp/executors.hpp:21[m[K,
[6.168s]                  from [01m[K/opt/ros/iron/include/rclcpp/rclcpp/rclcpp.hpp:167[m[K,
[6.168s]                  from [01m[K/home/buhrmann/ws_moveit/src/ur5_moveit_test/src/ur5_image_octmap_path.cpp:2[m[K:
[6.168s] [01m[K/home/buhrmann/ws_moveit/src/ur5_moveit_test/src/ur5_image_octmap_path.cpp:544:25:[m[K [01;31m[Kerror: [m[Kinvalid use of â€˜[01m[Kthis[m[Kâ€™ in non-member function
[6.168s]   544 |             RCLCPP_INFO([01;31m[Kthis[m[K->get_logger(), "Moving to target %zu", i);
[6.168s]       |                         [01;31m[K^~~~[m[K
[6.168s] [01m[K/home/buhrmann/ws_moveit/src/ur5_moveit_test/src/ur5_image_octmap_path.cpp:544:25:[m[K [01;31m[Kerror: [m[Kinvalid use of â€˜[01m[Kthis[m[Kâ€™ in non-member function
[6.168s] [01m[K/home/buhrmann/ws_moveit/src/ur5_moveit_test/src/ur5_image_octmap_path.cpp:544:13:[m[K [01;31m[Kerror: [m[Ktemplate argument 1 is invalid
[6.168s]   544 |             [01;31m[KRCLCPP_INFO[m[K(this->get_logger(), "Moving to target %zu", i);
[6.168s]       |             [01;31m[K^~~~~~~~~~~[m[K
[6.168s] [01m[K/home/buhrmann/ws_moveit/src/ur5_moveit_test/src/ur5_image_octmap_path.cpp:544:13:[m[K [01;31m[Kerror: [m[Ktemplate argument 1 is invalid
[6.168s]   544 |             [01;31m[KRCLCPP_INFO[m[K(this->get_logger(), "Moving to target %zu", i);
[6.168s]       |             [01;31m[K^~~~~~~~~~~[m[K
[6.168s] [01m[K/home/buhrmann/ws_moveit/src/ur5_moveit_test/src/ur5_image_octmap_path.cpp:544:13:[m[K [01;31m[Kerror: [m[Ktemplate argument 1 is invalid
[6.168s]   544 |             [01;31m[KRCLCPP_INFO[m[K(this->get_logger(), "Moving to target %zu", i);
[6.168s]       |             [01;31m[K^~~~~~~~~~~[m[K
[6.168s] In file included from [01m[K/opt/ros/iron/include/rclcpp/rclcpp/logging.hpp:24[m[K,
[6.168s]                  from [01m[K/opt/ros/iron/include/rclcpp/rclcpp/client.hpp:43[m[K,
[6.168s]                  from [01m[K/opt/ros/iron/include/rclcpp/rclcpp/callback_group.hpp:24[m[K,
[6.168s]                  from [01m[K/opt/ros/iron/include/rclcpp/rclcpp/any_executable.hpp:20[m[K,
[6.168s]                  from [01m[K/opt/ros/iron/include/rclcpp/rclcpp/memory_strategy.hpp:25[m[K,
[6.168s]                  from [01m[K/opt/ros/iron/include/rclcpp/rclcpp/memory_strategies.hpp:18[m[K,
[6.168s]                  from [01m[K/opt/ros/iron/include/rclcpp/rclcpp/executor_options.hpp:20[m[K,
[6.168s]                  from [01m[K/opt/ros/iron/include/rclcpp/rclcpp/executor.hpp:37[m[K,
[6.168s]                  from [01m[K/opt/ros/iron/include/rclcpp/rclcpp/executors/multi_threaded_executor.hpp:25[m[K,
[6.168s]                  from [01m[K/opt/ros/iron/include/rclcpp/rclcpp/executors.hpp:21[m[K,
[6.168s]                  from [01m[K/opt/ros/iron/include/rclcpp/rclcpp/rclcpp.hpp:167[m[K,
[6.168s]                  from [01m[K/home/buhrmann/ws_moveit/src/ur5_moveit_test/src/ur5_image_octmap_path.cpp:2[m[K:
[6.168s] [01m[K/home/buhrmann/ws_moveit/src/ur5_moveit_test/src/ur5_image_octmap_path.cpp:544:25:[m[K [01;31m[Kerror: [m[Kinvalid use of â€˜[01m[Kthis[m[Kâ€™ in non-member function
[6.168s]   544 |             RCLCPP_INFO([01;31m[Kthis[m[K->get_logger(), "Moving to target %zu", i);
[6.168s]       |                         [01;31m[K^~~~[m[K
[6.169s] [01m[K/home/buhrmann/ws_moveit/src/ur5_moveit_test/src/ur5_image_octmap_path.cpp:544:25:[m[K [01;31m[Kerror: [m[Kinvalid use of â€˜[01m[Kthis[m[Kâ€™ in non-member function
[6.169s]   544 |             RCLCPP_INFO([01;31m[Kthis[m[K->get_logger(), "Moving to target %zu", i);
[6.169s]       |                         [01;31m[K^~~~[m[K
[6.169s] In file included from [01m[K/opt/ros/iron/include/rclcpp/rclcpp/client.hpp:43[m[K,
[6.169s]                  from [01m[K/opt/ros/iron/include/rclcpp/rclcpp/callback_group.hpp:24[m[K,
[6.169s]                  from [01m[K/opt/ros/iron/include/rclcpp/rclcpp/any_executable.hpp:20[m[K,
[6.169s]                  from [01m[K/opt/ros/iron/include/rclcpp/rclcpp/memory_strategy.hpp:25[m[K,
[6.169s]                  from [01m[K/opt/ros/iron/include/rclcpp/rclcpp/memory_strategies.hpp:18[m[K,
[6.169s]                  from [01m[K/opt/ros/iron/include/rclcpp/rclcpp/executor_options.hpp:20[m[K,
[6.169s]                  from [01m[K/opt/ros/iron/include/rclcpp/rclcpp/executor.hpp:37[m[K,
[6.169s]                  from [01m[K/opt/ros/iron/include/rclcpp/rclcpp/executors/multi_threaded_executor.hpp:25[m[K,
[6.169s]                  from [01m[K/opt/ros/iron/include/rclcpp/rclcpp/executors.hpp:21[m[K,
[6.169s]                  from [01m[K/opt/ros/iron/include/rclcpp/rclcpp/rclcpp.hpp:167[m[K,
[6.169s]                  from [01m[K/home/buhrmann/ws_moveit/src/ur5_moveit_test/src/ur5_image_octmap_path.cpp:2[m[K:
[6.169s] [01m[K/home/buhrmann/ws_moveit/src/ur5_moveit_test/src/ur5_image_octmap_path.cpp:547:25:[m[K [01;31m[Kerror: [m[Kinvalid use of â€˜[01m[Kthis[m[Kâ€™ in non-member function
[6.169s]   547 |             RCLCPP_INFO([01;31m[Kthis[m[K->get_logger(), "Processing point cloud at target %zu", i);
[6.169s]       |                         [01;31m[K^~~~[m[K
[6.169s] [01m[K/home/buhrmann/ws_moveit/src/ur5_moveit_test/src/ur5_image_octmap_path.cpp:547:25:[m[K [01;31m[Kerror: [m[Kinvalid use of â€˜[01m[Kthis[m[Kâ€™ in non-member function
[6.169s] [01m[K/home/buhrmann/ws_moveit/src/ur5_moveit_test/src/ur5_image_octmap_path.cpp:547:13:[m[K [01;31m[Kerror: [m[Ktemplate argument 1 is invalid
[6.169s]   547 |             [01;31m[KRCLCPP_INFO[m[K(this->get_logger(), "Processing point cloud at target %zu", i);
[6.169s]       |             [01;31m[K^~~~~~~~~~~[m[K
[6.169s] [01m[K/home/buhrmann/ws_moveit/src/ur5_moveit_test/src/ur5_image_octmap_path.cpp:547:13:[m[K [01;31m[Kerror: [m[Ktemplate argument 1 is invalid
[6.169s]   547 |             [01;31m[KRCLCPP_INFO[m[K(this->get_logger(), "Processing point cloud at target %zu", i);
[6.169s]       |             [01;31m[K^~~~~~~~~~~[m[K
[6.169s] [01m[K/home/buhrmann/ws_moveit/src/ur5_moveit_test/src/ur5_image_octmap_path.cpp:547:13:[m[K [01;31m[Kerror: [m[Ktemplate argument 1 is invalid
[6.169s]   547 |             [01;31m[KRCLCPP_INFO[m[K(this->get_logger(), "Processing point cloud at target %zu", i);
[6.169s]       |             [01;31m[K^~~~~~~~~~~[m[K
[6.169s] In file included from [01m[K/opt/ros/iron/include/rclcpp/rclcpp/logging.hpp:24[m[K,
[6.169s]                  from [01m[K/opt/ros/iron/include/rclcpp/rclcpp/client.hpp:43[m[K,
[6.169s]                  from [01m[K/opt/ros/iron/include/rclcpp/rclcpp/callback_group.hpp:24[m[K,
[6.169s]                  from [01m[K/opt/ros/iron/include/rclcpp/rclcpp/any_executable.hpp:20[m[K,
[6.169s]                  from [01m[K/opt/ros/iron/include/rclcpp/rclcpp/memory_strategy.hpp:25[m[K,
[6.169s]                  from [01m[K/opt/ros/iron/include/rclcpp/rclcpp/memory_strategies.hpp:18[m[K,
[6.169s]                  from [01m[K/opt/ros/iron/include/rclcpp/rclcpp/executor_options.hpp:20[m[K,
[6.169s]                  from [01m[K/opt/ros/iron/include/rclcpp/rclcpp/executor.hpp:37[m[K,
[6.169s]                  from [01m[K/opt/ros/iron/include/rclcpp/rclcpp/executors/multi_threaded_executor.hpp:25[m[K,
[6.169s]                  from [01m[K/opt/ros/iron/include/rclcpp/rclcpp/executors.hpp:21[m[K,
[6.169s]                  from [01m[K/opt/ros/iron/include/rclcpp/rclcpp/rclcpp.hpp:167[m[K,
[6.169s]                  from [01m[K/home/buhrmann/ws_moveit/src/ur5_moveit_test/src/ur5_image_octmap_path.cpp:2[m[K:
[6.169s] [01m[K/home/buhrmann/ws_moveit/src/ur5_moveit_test/src/ur5_image_octmap_path.cpp:547:25:[m[K [01;31m[Kerror: [m[Kinvalid use of â€˜[01m[Kthis[m[Kâ€™ in non-member function
[6.169s]   547 |             RCLCPP_INFO([01;31m[Kthis[m[K->get_logger(), "Processing point cloud at target %zu", i);
[6.169s]       |                         [01;31m[K^~~~[m[K
[6.169s] [01m[K/home/buhrmann/ws_moveit/src/ur5_moveit_test/src/ur5_image_octmap_path.cpp:547:25:[m[K [01;31m[Kerror: [m[Kinvalid use of â€˜[01m[Kthis[m[Kâ€™ in non-member function
[6.169s]   547 |             RCLCPP_INFO([01;31m[Kthis[m[K->get_logger(), "Processing point cloud at target %zu", i);
[6.169s]       |                         [01;31m[K^~~~[m[K
[6.186s] [01m[K/home/buhrmann/ws_moveit/src/ur5_moveit_test/src/ur5_image_octmap_path.cpp:549:17:[m[K [01;31m[Kerror: [m[Kâ€˜[01m[KwaitForFreshCameraData[m[Kâ€™ was not declared in this scope
[6.186s]   549 |             if ([01;31m[KwaitForFreshCameraData[m[K(5.0)) {
[6.186s]       |                 [01;31m[K^~~~~~~~~~~~~~~~~~~~~~[m[K
[6.194s] [01m[K/home/buhrmann/ws_moveit/src/ur5_moveit_test/src/ur5_image_octmap_path.cpp:550:21:[m[K [01;31m[Kerror: [m[Kâ€˜[01m[Krgb_msg_[m[Kâ€™ was not declared in this scope
[6.194s]   550 |                 if ([01;31m[Krgb_msg_[m[K && depth_msg_ && camera_info_) {
[6.194s]       |                     [01;31m[K^~~~~~~~[m[K
[6.202s] [01m[K/home/buhrmann/ws_moveit/src/ur5_moveit_test/src/ur5_image_octmap_path.cpp:550:33:[m[K [01;31m[Kerror: [m[Kâ€˜[01m[Kdepth_msg_[m[Kâ€™ was not declared in this scope
[6.202s]   550 |                 if (rgb_msg_ && [01;31m[Kdepth_msg_[m[K && camera_info_) {
[6.202s]       |                                 [01;31m[K^~~~~~~~~~[m[K
[6.213s] [01m[K/home/buhrmann/ws_moveit/src/ur5_moveit_test/src/ur5_image_octmap_path.cpp:550:47:[m[K [01;31m[Kerror: [m[Kâ€˜[01m[Kcamera_info_[m[Kâ€™ was not declared in this scope
[6.214s]   550 |                 if (rgb_msg_ && depth_msg_ && [01;31m[Kcamera_info_[m[K) {
[6.214s]       |                                               [01;31m[K^~~~~~~~~~~~[m[K
[6.214s] [01m[K/home/buhrmann/ws_moveit/src/ur5_moveit_test/src/ur5_image_octmap_path.cpp:558:50:[m[K [01;31m[Kerror: [m[Kinvalid use of â€˜[01m[Kthis[m[Kâ€™ in non-member function
[6.214s]   558 |                         cloud_msg.header.stamp = [01;31m[Kthis[m[K->now();
[6.214s]       |                                                  [01;31m[K^~~~[m[K
[6.228s] [01m[K/home/buhrmann/ws_moveit/src/ur5_moveit_test/src/ur5_image_octmap_path.cpp:559:25:[m[K [01;31m[Kerror: [m[Kâ€˜[01m[Kpointcloud_pub_[m[Kâ€™ was not declared in this scope
[6.228s]   559 |                         [01;31m[Kpointcloud_pub_[m[K->publish(cloud_msg);
[6.228s]       |                         [01;31m[K^~~~~~~~~~~~~~~[m[K
[6.228s] In file included from [01m[K/opt/ros/iron/include/rclcpp/rclcpp/client.hpp:43[m[K,
[6.228s]                  from [01m[K/opt/ros/iron/include/rclcpp/rclcpp/callback_group.hpp:24[m[K,
[6.228s]                  from [01m[K/opt/ros/iron/include/rclcpp/rclcpp/any_executable.hpp:20[m[K,
[6.228s]                  from [01m[K/opt/ros/iron/include/rclcpp/rclcpp/memory_strategy.hpp:25[m[K,
[6.228s]                  from [01m[K/opt/ros/iron/include/rclcpp/rclcpp/memory_strategies.hpp:18[m[K,
[6.228s]                  from [01m[K/opt/ros/iron/include/rclcpp/rclcpp/executor_options.hpp:20[m[K,
[6.228s]                  from [01m[K/opt/ros/iron/include/rclcpp/rclcpp/executor.hpp:37[m[K,
[6.228s]                  from [01m[K/opt/ros/iron/include/rclcpp/rclcpp/executors/multi_threaded_executor.hpp:25[m[K,
[6.228s]                  from [01m[K/opt/ros/iron/include/rclcpp/rclcpp/executors.hpp:21[m[K,
[6.228s]                  from [01m[K/opt/ros/iron/include/rclcpp/rclcpp/rclcpp.hpp:167[m[K,
[6.228s]                  from [01m[K/home/buhrmann/ws_moveit/src/ur5_moveit_test/src/ur5_image_octmap_path.cpp:2[m[K:
[6.228s] [01m[K/home/buhrmann/ws_moveit/src/ur5_moveit_test/src/ur5_image_octmap_path.cpp:560:37:[m[K [01;31m[Kerror: [m[Kinvalid use of â€˜[01m[Kthis[m[Kâ€™ in non-member function
[6.228s]   560 |                         RCLCPP_INFO([01;31m[Kthis[m[K->get_logger(), "Published point cloud at target %zu", i);
[6.228s]       |                                     [01;31m[K^~~~[m[K
[6.228s] [01m[K/home/buhrmann/ws_moveit/src/ur5_moveit_test/src/ur5_image_octmap_path.cpp:560:37:[m[K [01;31m[Kerror: [m[Kinvalid use of â€˜[01m[Kthis[m[Kâ€™ in non-member function
[6.228s] [01m[K/home/buhrmann/ws_moveit/src/ur5_moveit_test/src/ur5_image_octmap_path.cpp:560:25:[m[K [01;31m[Kerror: [m[Ktemplate argument 1 is invalid
[6.228s]   560 |                         [01;31m[KRCLCPP_INFO[m[K(this->get_logger(), "Published point cloud at target %zu", i);
[6.228s]       |                         [01;31m[K^~~~~~~~~~~[m[K
[6.228s] [01m[K/home/buhrmann/ws_moveit/src/ur5_moveit_test/src/ur5_image_octmap_path.cpp:560:25:[m[K [01;31m[Kerror: [m[Ktemplate argument 1 is invalid
[6.228s]   560 |                         [01;31m[KRCLCPP_INFO[m[K(this->get_logger(), "Published point cloud at target %zu", i);
[6.228s]       |                         [01;31m[K^~~~~~~~~~~[m[K
[6.228s] [01m[K/home/buhrmann/ws_moveit/src/ur5_moveit_test/src/ur5_image_octmap_path.cpp:560:25:[m[K [01;31m[Kerror: [m[Ktemplate argument 1 is invalid
[6.228s]   560 |                         [01;31m[KRCLCPP_INFO[m[K(this->get_logger(), "Published point cloud at target %zu", i);
[6.228s]       |                         [01;31m[K^~~~~~~~~~~[m[K
[6.228s] In file included from [01m[K/opt/ros/iron/include/rclcpp/rclcpp/logging.hpp:24[m[K,
[6.228s]                  from [01m[K/opt/ros/iron/include/rclcpp/rclcpp/client.hpp:43[m[K,
[6.228s]                  from [01m[K/opt/ros/iron/include/rclcpp/rclcpp/callback_group.hpp:24[m[K,
[6.228s]                  from [01m[K/opt/ros/iron/include/rclcpp/rclcpp/any_executable.hpp:20[m[K,
[6.228s]                  from [01m[K/opt/ros/iron/include/rclcpp/rclcpp/memory_strategy.hpp:25[m[K,
[6.228s]                  from [01m[K/opt/ros/iron/include/rclcpp/rclcpp/memory_strategies.hpp:18[m[K,
[6.228s]                  from [01m[K/opt/ros/iron/include/rclcpp/rclcpp/executor_options.hpp:20[m[K,
[6.228s]                  from [01m[K/opt/ros/iron/include/rclcpp/rclcpp/executor.hpp:37[m[K,
[6.228s]                  from [01m[K/opt/ros/iron/include/rclcpp/rclcpp/executors/multi_threaded_executor.hpp:25[m[K,
[6.228s]                  from [01m[K/opt/ros/iron/include/rclcpp/rclcpp/executors.hpp:21[m[K,
[6.228s]                  from [01m[K/opt/ros/iron/include/rclcpp/rclcpp/rclcpp.hpp:167[m[K,
[6.228s]                  from [01m[K/home/buhrmann/ws_moveit/src/ur5_moveit_test/src/ur5_image_octmap_path.cpp:2[m[K:
[6.228s] [01m[K/home/buhrmann/ws_moveit/src/ur5_moveit_test/src/ur5_image_octmap_path.cpp:560:37:[m[K [01;31m[Kerror: [m[Kinvalid use of â€˜[01m[Kthis[m[Kâ€™ in non-member function
[6.228s]   560 |                         RCLCPP_INFO([01;31m[Kthis[m[K->get_logger(), "Published point cloud at target %zu", i);
[6.229s]       |                                     [01;31m[K^~~~[m[K
[6.229s] [01m[K/home/buhrmann/ws_moveit/src/ur5_moveit_test/src/ur5_image_octmap_path.cpp:560:37:[m[K [01;31m[Kerror: [m[Kinvalid use of â€˜[01m[Kthis[m[Kâ€™ in non-member function
[6.229s]   560 |                         RCLCPP_INFO([01;31m[Kthis[m[K->get_logger(), "Published point cloud at target %zu", i);
[6.229s]       |                                     [01;31m[K^~~~[m[K
[6.238s] [01m[K/home/buhrmann/ws_moveit/src/ur5_moveit_test/src/ur5_image_octmap_path.cpp:565:25:[m[K [01;31m[Kerror: [m[Kâ€˜[01m[Kimage_pub_[m[Kâ€™ was not declared in this scope
[6.238s]   565 |                         [01;31m[Kimage_pub_[m[K->publish(*filtered_img);
[6.238s]       |                         [01;31m[K^~~~~~~~~~[m[K
[6.238s] In file included from [01m[K/opt/ros/iron/include/rclcpp/rclcpp/client.hpp:43[m[K,
[6.238s]                  from [01m[K/opt/ros/iron/include/rclcpp/rclcpp/callback_group.hpp:24[m[K,
[6.238s]                  from [01m[K/opt/ros/iron/include/rclcpp/rclcpp/any_executable.hpp:20[m[K,
[6.238s]                  from [01m[K/opt/ros/iron/include/rclcpp/rclcpp/memory_strategy.hpp:25[m[K,
[6.238s]                  from [01m[K/opt/ros/iron/include/rclcpp/rclcpp/memory_strategies.hpp:18[m[K,
[6.238s]                  from [01m[K/opt/ros/iron/include/rclcpp/rclcpp/executor_options.hpp:20[m[K,
[6.238s]                  from [01m[K/opt/ros/iron/include/rclcpp/rclcpp/executor.hpp:37[m[K,
[6.238s]                  from [01m[K/opt/ros/iron/include/rclcpp/rclcpp/executors/multi_threaded_executor.hpp:25[m[K,
[6.238s]                  from [01m[K/opt/ros/iron/include/rclcpp/rclcpp/executors.hpp:21[m[K,
[6.238s]                  from [01m[K/opt/ros/iron/include/rclcpp/rclcpp/rclcpp.hpp:167[m[K,
[6.238s]                  from [01m[K/home/buhrmann/ws_moveit/src/ur5_moveit_test/src/ur5_image_octmap_path.cpp:2[m[K:
[6.238s] [01m[K/home/buhrmann/ws_moveit/src/ur5_moveit_test/src/ur5_image_octmap_path.cpp:572:21:[m[K [01;31m[Kerror: [m[Kinvalid use of â€˜[01m[Kthis[m[Kâ€™ in non-member function
[6.238s]   572 |         RCLCPP_INFO([01;31m[Kthis[m[K->get_logger(), "Moving to home position");
[6.238s]       |                     [01;31m[K^~~~[m[K
[6.238s] [01m[K/home/buhrmann/ws_moveit/src/ur5_moveit_test/src/ur5_image_octmap_path.cpp:572:21:[m[K [01;31m[Kerror: [m[Kinvalid use of â€˜[01m[Kthis[m[Kâ€™ in non-member function
[6.239s] [01m[K/home/buhrmann/ws_moveit/src/ur5_moveit_test/src/ur5_image_octmap_path.cpp:572:9:[m[K [01;31m[Kerror: [m[Ktemplate argument 1 is invalid
[6.239s]   572 |         [01;31m[KRCLCPP_INFO[m[K(this->get_logger(), "Moving to home position");
[6.239s]       |         [01;31m[K^~~~~~~~~~~[m[K
[6.239s] [01m[K/home/buhrmann/ws_moveit/src/ur5_moveit_test/src/ur5_image_octmap_path.cpp:572:9:[m[K [01;31m[Kerror: [m[Ktemplate argument 1 is invalid
[6.239s]   572 |         [01;31m[KRCLCPP_INFO[m[K(this->get_logger(), "Moving to home position");
[6.239s]       |         [01;31m[K^~~~~~~~~~~[m[K
[6.239s] [01m[K/home/buhrmann/ws_moveit/src/ur5_moveit_test/src/ur5_image_octmap_path.cpp:572:9:[m[K [01;31m[Kerror: [m[Ktemplate argument 1 is invalid
[6.239s]   572 |         [01;31m[KRCLCPP_INFO[m[K(this->get_logger(), "Moving to home position");
[6.239s]       |         [01;31m[K^~~~~~~~~~~[m[K
[6.239s] In file included from [01m[K/opt/ros/iron/include/rclcpp/rclcpp/logging.hpp:24[m[K,
[6.239s]                  from [01m[K/opt/ros/iron/include/rclcpp/rclcpp/client.hpp:43[m[K,
[6.239s]                  from [01m[K/opt/ros/iron/include/rclcpp/rclcpp/callback_group.hpp:24[m[K,
[6.239s]                  from [01m[K/opt/ros/iron/include/rclcpp/rclcpp/any_executable.hpp:20[m[K,
[6.239s]                  from [01m[K/opt/ros/iron/include/rclcpp/rclcpp/memory_strategy.hpp:25[m[K,
[6.239s]                  from [01m[K/opt/ros/iron/include/rclcpp/rclcpp/memory_strategies.hpp:18[m[K,
[6.239s]                  from [01m[K/opt/ros/iron/include/rclcpp/rclcpp/executor_options.hpp:20[m[K,
[6.239s]                  from [01m[K/opt/ros/iron/include/rclcpp/rclcpp/executor.hpp:37[m[K,
[6.239s]                  from [01m[K/opt/ros/iron/include/rclcpp/rclcpp/executors/multi_threaded_executor.hpp:25[m[K,
[6.239s]                  from [01m[K/opt/ros/iron/include/rclcpp/rclcpp/executors.hpp:21[m[K,
[6.239s]                  from [01m[K/opt/ros/iron/include/rclcpp/rclcpp/rclcpp.hpp:167[m[K,
[6.239s]                  from [01m[K/home/buhrmann/ws_moveit/src/ur5_moveit_test/src/ur5_image_octmap_path.cpp:2[m[K:
[6.239s] [01m[K/home/buhrmann/ws_moveit/src/ur5_moveit_test/src/ur5_image_octmap_path.cpp:572:21:[m[K [01;31m[Kerror: [m[Kinvalid use of â€˜[01m[Kthis[m[Kâ€™ in non-member function
[6.239s]   572 |         RCLCPP_INFO([01;31m[Kthis[m[K->get_logger(), "Moving to home position");
[6.239s]       |                     [01;31m[K^~~~[m[K
[6.239s] [01m[K/home/buhrmann/ws_moveit/src/ur5_moveit_test/src/ur5_image_octmap_path.cpp:572:21:[m[K [01;31m[Kerror: [m[Kinvalid use of â€˜[01m[Kthis[m[Kâ€™ in non-member function
[6.239s]   572 |         RCLCPP_INFO([01;31m[Kthis[m[K->get_logger(), "Moving to home position");
[6.239s]       |                     [01;31m[K^~~~[m[K
[6.239s] In file included from [01m[K/opt/ros/iron/include/rclcpp/rclcpp/client.hpp:43[m[K,
[6.239s]                  from [01m[K/opt/ros/iron/include/rclcpp/rclcpp/callback_group.hpp:24[m[K,
[6.239s]                  from [01m[K/opt/ros/iron/include/rclcpp/rclcpp/any_executable.hpp:20[m[K,
[6.239s]                  from [01m[K/opt/ros/iron/include/rclcpp/rclcpp/memory_strategy.hpp:25[m[K,
[6.239s]                  from [01m[K/opt/ros/iron/include/rclcpp/rclcpp/memory_strategies.hpp:18[m[K,
[6.239s]                  from [01m[K/opt/ros/iron/include/rclcpp/rclcpp/executor_options.hpp:20[m[K,
[6.239s]                  from [01m[K/opt/ros/iron/include/rclcpp/rclcpp/executor.hpp:37[m[K,
[6.239s]                  from [01m[K/opt/ros/iron/include/rclcpp/rclcpp/executors/multi_threaded_executor.hpp:25[m[K,
[6.239s]                  from [01m[K/opt/ros/iron/include/rclcpp/rclcpp/executors.hpp:21[m[K,
[6.239s]                  from [01m[K/opt/ros/iron/include/rclcpp/rclcpp/rclcpp.hpp:167[m[K,
[6.239s]                  from [01m[K/home/buhrmann/ws_moveit/src/ur5_moveit_test/src/ur5_image_octmap_path.cpp:2[m[K:
[6.239s] [01m[K/home/buhrmann/ws_moveit/src/ur5_moveit_test/src/ur5_image_octmap_path.cpp:578:25:[m[K [01;31m[Kerror: [m[Kinvalid use of â€˜[01m[Kthis[m[Kâ€™ in non-member function
[6.239s]   578 |             RCLCPP_WARN([01;31m[Kthis[m[K->get_logger(), "Failed to plan motion to home position");
[6.239s]       |                         [01;31m[K^~~~[m[K
[6.239s] [01m[K/home/buhrmann/ws_moveit/src/ur5_moveit_test/src/ur5_image_octmap_path.cpp:578:25:[m[K [01;31m[Kerror: [m[Kinvalid use of â€˜[01m[Kthis[m[Kâ€™ in non-member function
[6.239s] [01m[K/home/buhrmann/ws_moveit/src/ur5_moveit_test/src/ur5_image_octmap_path.cpp:578:13:[m[K [01;31m[Kerror: [m[Ktemplate argument 1 is invalid
[6.239s]   578 |             [01;31m[KRCLCPP_WARN[m[K(this->get_logger(), "Failed to plan motion to home position");
[6.239s]       |             [01;31m[K^~~~~~~~~~~[m[K
[6.239s] [01m[K/home/buhrmann/ws_moveit/src/ur5_moveit_test/src/ur5_image_octmap_path.cpp:578:13:[m[K [01;31m[Kerror: [m[Ktemplate argument 1 is invalid
[6.239s]   578 |             [01;31m[KRCLCPP_WARN[m[K(this->get_logger(), "Failed to plan motion to home position");
[6.239s]       |             [01;31m[K^~~~~~~~~~~[m[K
[6.240s] [01m[K/home/buhrmann/ws_moveit/src/ur5_moveit_test/src/ur5_image_octmap_path.cpp:578:13:[m[K [01;31m[Kerror: [m[Ktemplate argument 1 is invalid
[6.240s]   578 |             [01;31m[KRCLCPP_WARN[m[K(this->get_logger(), "Failed to plan motion to home position");
[6.240s]       |             [01;31m[K^~~~~~~~~~~[m[K
[6.240s] In file included from [01m[K/opt/ros/iron/include/rclcpp/rclcpp/logging.hpp:24[m[K,
[6.240s]                  from [01m[K/opt/ros/iron/include/rclcpp/rclcpp/client.hpp:43[m[K,
[6.240s]                  from [01m[K/opt/ros/iron/include/rclcpp/rclcpp/callback_group.hpp:24[m[K,
[6.240s]                  from [01m[K/opt/ros/iron/include/rclcpp/rclcpp/any_executable.hpp:20[m[K,
[6.240s]                  from [01m[K/opt/ros/iron/include/rclcpp/rclcpp/memory_strategy.hpp:25[m[K,
[6.240s]                  from [01m[K/opt/ros/iron/include/rclcpp/rclcpp/memory_strategies.hpp:18[m[K,
[6.240s]                  from [01m[K/opt/ros/iron/include/rclcpp/rclcpp/executor_options.hpp:20[m[K,
[6.240s]                  from [01m[K/opt/ros/iron/include/rclcpp/rclcpp/executor.hpp:37[m[K,
[6.240s]                  from [01m[K/opt/ros/iron/include/rclcpp/rclcpp/executors/multi_threaded_executor.hpp:25[m[K,
[6.240s]                  from [01m[K/opt/ros/iron/include/rclcpp/rclcpp/executors.hpp:21[m[K,
[6.240s]                  from [01m[K/opt/ros/iron/include/rclcpp/rclcpp/rclcpp.hpp:167[m[K,
[6.240s]                  from [01m[K/home/buhrmann/ws_moveit/src/ur5_moveit_test/src/ur5_image_octmap_path.cpp:2[m[K:
[6.240s] [01m[K/home/buhrmann/ws_moveit/src/ur5_moveit_test/src/ur5_image_octmap_path.cpp:578:25:[m[K [01;31m[Kerror: [m[Kinvalid use of â€˜[01m[Kthis[m[Kâ€™ in non-member function
[6.240s]   578 |             RCLCPP_WARN([01;31m[Kthis[m[K->get_logger(), "Failed to plan motion to home position");
[6.240s]       |                         [01;31m[K^~~~[m[K
[6.240s] [01m[K/home/buhrmann/ws_moveit/src/ur5_moveit_test/src/ur5_image_octmap_path.cpp:578:25:[m[K [01;31m[Kerror: [m[Kinvalid use of â€˜[01m[Kthis[m[Kâ€™ in non-member function
[6.240s]   578 |             RCLCPP_WARN([01;31m[Kthis[m[K->get_logger(), "Failed to plan motion to home position");
[6.240s]       |                         [01;31m[K^~~~[m[K
[6.245s] [01m[K/home/buhrmann/ws_moveit/src/ur5_moveit_test/src/ur5_image_octmap_path.cpp:[m[K At global scope:
[6.245s] [01m[K/home/buhrmann/ws_moveit/src/ur5_moveit_test/src/ur5_image_octmap_path.cpp:618:1:[m[K [01;31m[Kerror: [m[Kexpected declaration before â€˜[01m[K}[m[Kâ€™ token
[6.245s]   618 | [01;31m[K}[m[K;
[6.245s]       | [01;31m[K^[m[K
[9.643s] gmake[2]: *** [CMakeFiles/ur5_image_octmap_path.dir/build.make:76: CMakeFiles/ur5_image_octmap_path.dir/src/ur5_image_octmap_path.cpp.o] Error 1
[9.644s] gmake[1]: *** [CMakeFiles/Makefile2:473: CMakeFiles/ur5_image_octmap_path.dir/all] Error 2
[9.644s] gmake: *** [Makefile:146: all] Error 2
[9.646s] Invoked command in '/home/buhrmann/ws_moveit/build/ur5_moveit_test' returned '2': AMENT_PREFIX_PATH=/home/buhrmann/ws_moveit/install/moveit_configs_utils:/home/buhrmann/ws_moveit/install/ur5_moveit_test:/home/buhrmann/ws_moveit/install/ur5_camera_moveit_config2:/home/buhrmann/ws_moveit/install/ur5_camera_moveit_config:/home/buhrmann/ws_moveit/install/ur5_description_controller:/home/buhrmann/ws_moveit/install/ur3_camera_moveit_config:/home/buhrmann/ws_moveit/install/ur3_description_controller:/home/buhrmann/ws_moveit/install/robotiq_hardware_tests:/home/buhrmann/ws_moveit/install/robotiq_driver:/home/buhrmann/ws_moveit/install/serial:/home/buhrmann/ws_moveit/install/moveit2_tutorials:/home/buhrmann/ws_moveit/install/moveit_visual_tools:/home/buhrmann/ws_moveit/install/rviz_visual_tools:/home/buhrmann/ws_moveit/install/moveit_task_constructor_visualization:/home/buhrmann/ws_moveit/install/moveit_task_constructor_demo:/home/buhrmann/ws_moveit/install/moveit_task_constructor_capabilities:/home/buhrmann/ws_moveit/install/moveit_task_constructor_core:/home/buhrmann/ws_moveit/install/rviz_marker_tools:/home/buhrmann/ws_moveit/install/ros2_azure_bridge:/home/buhrmann/ws_moveit/install/picknik_accessories:/home/buhrmann/ws_moveit/install/kortex_bringup:/home/buhrmann/ws_moveit/install/kinova_gen3_lite_moveit_config:/home/buhrmann/ws_moveit/install/kinova_gen3_7dof_robotiq_2f_85_moveit_config:/home/buhrmann/ws_moveit/install/kinova_gen3_6dof_robotiq_2f_85_moveit_config:/home/buhrmann/ws_moveit/install/kortex_description:/home/buhrmann/ws_moveit/install/robotiq_description:/home/buhrmann/ws_moveit/install/robotiq_controllers:/home/buhrmann/ws_moveit/install/ppf_test_pkg:/home/buhrmann/ws_moveit/install/point_cloud_circle_detector:/home/buhrmann/ws_moveit/install/pilz_industrial_motion_planner_testutils:/home/buhrmann/ws_moveit/install/moveit_runtime:/home/buhrmann/ws_moveit/install/moveit:/home/buhrmann/ws_moveit/install/moveit_planners:/home/buhrmann/ws_moveit/install/pilz_industrial_motion_planner:/home/buhrmann/ws_moveit/install/pick_ik:/home/buhrmann/ws_moveit/install/object_detection_pcl:/home/buhrmann/ws_moveit/install/object_detection:/home/buhrmann/ws_moveit/install/object_creation:/home/buhrmann/ws_moveit/install/moveit_task_constructor_msgs:/home/buhrmann/ws_moveit/install/moveit_ros_control_interface:/home/buhrmann/ws_moveit/install/moveit_plugins:/home/buhrmann/ws_moveit/install/moveit_simple_controller_manager:/home/buhrmann/ws_moveit/install/moveit_setup_assistant:/home/buhrmann/ws_moveit/install/moveit_setup_srdf_plugins:/home/buhrmann/ws_moveit/install/moveit_setup_core_plugins:/home/buhrmann/ws_moveit/install/moveit_setup_controllers:/home/buhrmann/ws_moveit/install/moveit_setup_app_plugins:/home/buhrmann/ws_moveit/install/moveit_setup_framework:/home/buhrmann/ws_moveit/install/moveit_servo:/home/buhrmann/ws_moveit/install/moveit_ros_trajectory_cache:/home/buhrmann/ws_moveit/install/moveit_ros:/home/buhrmann/ws_moveit/install/moveit_ros_visualization:/home/buhrmann/ws_moveit/install/moveit_py:/home/buhrmann/ws_moveit/install/moveit_hybrid_planning:/home/buhrmann/ws_moveit/install/edit_planning_scene:/home/buhrmann/ws_moveit/install/moveit_ros_planning_interface:/home/buhrmann/ws_moveit/install/moveit_ros_benchmarks:/home/buhrmann/ws_moveit/install/moveit_ros_warehouse:/home/buhrmann/ws_moveit/install/moveit_ros_robot_interaction:/home/buhrmann/ws_moveit/install/moveit_ros_perception:/home/buhrmann/ws_moveit/install/moveit_resources_prbt_pg70_support:/home/buhrmann/ws_moveit/install/moveit_resources_prbt_moveit_config:/home/buhrmann/ws_moveit/install/moveit_ros_move_group:/home/buhrmann/ws_moveit/install/moveit_planners_ompl:/home/buhrmann/ws_moveit/install/moveit_kinematics:/home/buhrmann/ws_moveit/install/moveit_ros_planning:/home/buhrmann/ws_moveit/install/moveit_ros_occupancy_map_monitor:/home/buhrmann/ws_moveit/install/moveit_resources_prbt_support:/home/buhrmann/ws_moveit/install/moveit_resources_prbt_ikfast_manipulator_plugin:/home/buhrmann/ws_moveit/install/moveit_resources:/home/buhrmann/ws_moveit/install/moveit_resources_pr2_description:/home/buhrmann/ws_moveit/install/moveit_resources_panda_moveit_config:/home/buhrmann/ws_moveit/install/dual_arm_panda_moveit_config:/home/buhrmann/ws_moveit/install/moveit_resources_panda_description:/home/buhrmann/ws_moveit/install/moveit_resources_fanuc_moveit_config:/home/buhrmann/ws_moveit/install/moveit_resources_fanuc_description:/home/buhrmann/ws_moveit/install/moveit_planners_stomp:/home/buhrmann/ws_moveit/install/moveit_planners_chomp:/home/buhrmann/ws_moveit/install/chomp_motion_planner:/home/buhrmann/ws_moveit/install/moveit_core:/home/buhrmann/ws_moveit/install/moveit_msgs:/home/buhrmann/ws_moveit/install/moveit_common:/home/buhrmann/ws_moveit/install/kortex_driver:/home/buhrmann/ws_moveit/install/kortex_api:/home/buhrmann/ws_moveit/install/common_services_package:/opt/ros/iron CMAKE_PREFIX_PATH=/home/buhrmann/ws_moveit/install/moveit_ros_planning_interface:/home/buhrmann/ws_moveit/install/moveit_ros_move_group:/home/buhrmann/ws_moveit/install/moveit_visual_tools:/home/buhrmann/ws_moveit/install/moveit_ros_warehouse:/home/buhrmann/ws_moveit/install/moveit_kinematics:/home/buhrmann/ws_moveit/install/moveit_ros_planning:/home/buhrmann/ws_moveit/install/moveit_simple_controller_manager:/home/buhrmann/ws_moveit/install/moveit_ros_occupancy_map_monitor:/home/buhrmann/ws_moveit/install/moveit_core:/home/buhrmann/ws_moveit/install/moveit_resources_panda_moveit_config:/home/buhrmann/ws_moveit/install/moveit_resources_fanuc_moveit_config:/home/buhrmann/ws_moveit/install/rviz_visual_tools:/home/buhrmann/ws_moveit/install/moveit_resources_pr2_description:/home/buhrmann/ws_moveit/install/moveit_resources_panda_description:/home/buhrmann/ws_moveit/install/moveit_resources_fanuc_description:/home/buhrmann/ws_moveit/install/moveit_msgs:/home/buhrmann/ws_moveit/install/moveit_common:/home/buhrmann/ws_moveit/install/ur5_moveit_test:/home/buhrmann/ws_moveit/install/ur5_camera_moveit_config2:/home/buhrmann/ws_moveit/install/ur5_camera_moveit_config:/home/buhrmann/ws_moveit/install/ur5_description_controller:/home/buhrmann/ws_moveit/install/ur3_camera_moveit_config:/home/buhrmann/ws_moveit/install/ur3_description_controller:/home/buhrmann/ws_moveit/install/robotiq_hardware_tests:/home/buhrmann/ws_moveit/install/robotiq_driver:/home/buhrmann/ws_moveit/install/serial:/home/buhrmann/ws_moveit/install/moveit2_tutorials:/home/buhrmann/ws_moveit/install/moveit_task_constructor_visualization:/home/buhrmann/ws_moveit/install/moveit_task_constructor_demo:/home/buhrmann/ws_moveit/install/moveit_task_constructor_capabilities:/home/buhrmann/ws_moveit/install/moveit_task_constructor_core:/home/buhrmann/ws_moveit/install/rviz_marker_tools:/home/buhrmann/ws_moveit/install/picknik_accessories:/home/buhrmann/ws_moveit/install/kortex_bringup:/home/buhrmann/ws_moveit/install/kinova_gen3_lite_moveit_config:/home/buhrmann/ws_moveit/install/kinova_gen3_7dof_robotiq_2f_85_moveit_config:/home/buhrmann/ws_moveit/install/kinova_gen3_6dof_robotiq_2f_85_moveit_config:/home/buhrmann/ws_moveit/install/kortex_description:/home/buhrmann/ws_moveit/install/robotiq_description:/home/buhrmann/ws_moveit/install/robotiq_controllers:/home/buhrmann/ws_moveit/install/ppf_test_pkg:/home/buhrmann/ws_moveit/install/point_cloud_circle_detector:/home/buhrmann/ws_moveit/install/pilz_industrial_motion_planner_testutils:/home/buhrmann/ws_moveit/install/moveit_runtime:/home/buhrmann/ws_moveit/install/moveit:/home/buhrmann/ws_moveit/install/moveit_planners:/home/buhrmann/ws_moveit/install/pilz_industrial_motion_planner:/home/buhrmann/ws_moveit/install/pick_ik:/home/buhrmann/ws_moveit/install/object_detection_pcl:/home/buhrmann/ws_moveit/install/object_detection:/home/buhrmann/ws_moveit/install/object_creation:/home/buhrmann/ws_moveit/install/moveit_task_constructor_msgs:/home/buhrmann/ws_moveit/install/moveit_ros_control_interface:/home/buhrmann/ws_moveit/install/moveit_plugins:/home/buhrmann/ws_moveit/install/moveit_setup_assistant:/home/buhrmann/ws_moveit/install/moveit_setup_srdf_plugins:/home/buhrmann/ws_moveit/install/moveit_setup_core_plugins:/home/buhrmann/ws_moveit/install/moveit_setup_controllers:/home/buhrmann/ws_moveit/install/moveit_setup_app_plugins:/home/buhrmann/ws_moveit/install/moveit_setup_framework:/home/buhrmann/ws_moveit/install/moveit_servo:/home/buhrmann/ws_moveit/install/moveit_ros_trajectory_cache:/home/buhrmann/ws_moveit/install/moveit_ros:/home/buhrmann/ws_moveit/install/moveit_ros_visualization:/home/buhrmann/ws_moveit/install/moveit_py:/home/buhrmann/ws_moveit/install/moveit_hybrid_planning:/home/buhrmann/ws_moveit/install/edit_planning_scene:/home/buhrmann/ws_moveit/install/moveit_ros_benchmarks:/home/buhrmann/ws_moveit/install/moveit_ros_robot_interaction:/home/buhrmann/ws_moveit/install/moveit_ros_perception:/home/buhrmann/ws_moveit/install/moveit_resources_prbt_pg70_support:/home/buhrmann/ws_moveit/install/moveit_resources_prbt_moveit_config:/home/buhrmann/ws_moveit/install/moveit_planners_ompl:/home/buhrmann/ws_moveit/install/moveit_resources_prbt_support:/home/buhrmann/ws_moveit/install/moveit_resources_prbt_ikfast_manipulator_plugin:/home/buhrmann/ws_moveit/install/moveit_resources:/home/buhrmann/ws_moveit/install/dual_arm_panda_moveit_config:/home/buhrmann/ws_moveit/install/moveit_planners_stomp:/home/buhrmann/ws_moveit/install/moveit_planners_chomp:/home/buhrmann/ws_moveit/install/chomp_motion_planner:/home/buhrmann/ws_moveit/install/kortex_driver:/home/buhrmann/ws_moveit/install/kortex_api:/home/buhrmann/ws_moveit/install/common_services_package:/home/buhrmann/ws_moveit/install/ros2_azure_bridge:/home/buhrmann/ws_moveit/install/moveit_configs_utils:/opt/ros/iron LD_LIBRARY_PATH=/home/buhrmann/ws_moveit/install/moveit_ros_planning_interface/lib:/home/buhrmann/ws_moveit/install/moveit_ros_move_group/lib:/home/buhrmann/ws_moveit/install/moveit_visual_tools/lib:/home/buhrmann/ws_moveit/install/moveit_ros_warehouse/lib:/home/buhrmann/ws_moveit/install/moveit_kinematics/lib:/home/buhrmann/ws_moveit/install/moveit_ros_planning/lib:/home/buhrmann/ws_moveit/install/moveit_simple_controller_manager/lib:/home/buhrmann/ws_moveit/install/moveit_ros_occupancy_map_monitor/lib:/home/buhrmann/ws_moveit/install/moveit_core/lib:/home/buhrmann/ws_moveit/install/rviz_visual_tools/lib:/home/buhrmann/ws_moveit/install/moveit_msgs/lib:/home/buhrmann/ws_moveit/install/robotiq_driver/lib:/home/buhrmann/ws_moveit/install/serial/lib:/home/buhrmann/ws_moveit/install/moveit_task_constructor_visualization/lib:/home/buhrmann/ws_moveit/install/moveit_task_constructor_demo/lib:/home/buhrmann/ws_moveit/install/moveit_task_constructor_capabilities/lib:/home/buhrmann/ws_moveit/install/moveit_task_constructor_core/lib:/home/buhrmann/ws_moveit/install/rviz_marker_tools/lib:/home/buhrmann/ws_moveit/install/robotiq_controllers/lib:/home/buhrmann/ws_moveit/install/pilz_industrial_motion_planner_testutils/lib:/home/buhrmann/ws_moveit/install/pilz_industrial_motion_planner/lib:/home/buhrmann/ws_moveit/install/pick_ik/lib:/home/buhrmann/ws_moveit/install/moveit_task_constructor_msgs/lib:/home/buhrmann/ws_moveit/install/moveit_ros_control_interface/lib:/home/buhrmann/ws_moveit/install/moveit_setup_assistant/lib:/home/buhrmann/ws_moveit/install/moveit_setup_srdf_plugins/lib:/home/buhrmann/ws_moveit/install/moveit_setup_core_plugins/lib:/home/buhrmann/ws_moveit/install/moveit_setup_controllers/lib:/home/buhrmann/ws_moveit/install/moveit_setup_app_plugins/lib:/home/buhrmann/ws_moveit/install/moveit_setup_framework/lib:/home/buhrmann/ws_moveit/install/moveit_servo/lib:/home/buhrmann/ws_moveit/install/moveit_ros_trajectory_cache/lib:/home/buhrmann/ws_moveit/install/moveit_ros_visualization/lib:/home/buhrmann/ws_moveit/install/moveit_py/lib:/home/buhrmann/ws_moveit/install/moveit_hybrid_planning/lib:/home/buhrmann/ws_moveit/install/moveit_ros_benchmarks/lib:/home/buhrmann/ws_moveit/install/moveit_ros_robot_interaction/lib:/home/buhrmann/ws_moveit/install/moveit_ros_perception/lib:/home/buhrmann/ws_moveit/install/moveit_planners_ompl/lib:/home/buhrmann/ws_moveit/install/moveit_resources_prbt_ikfast_manipulator_plugin/lib:/home/buhrmann/ws_moveit/install/moveit_planners_stomp/lib:/home/buhrmann/ws_moveit/install/moveit_planners_chomp/lib:/home/buhrmann/ws_moveit/install/chomp_motion_planner/lib:/home/buhrmann/ws_moveit/install/kortex_driver/lib:/home/buhrmann/ws_moveit/install/common_services_package/lib:/opt/ros/iron/opt/rviz_ogre_vendor/lib:/opt/ros/iron/lib/x86_64-linux-gnu:/opt/ros/iron/lib:/usr/lib/jvm/java-11-openjdk-amd64/lib/amd64 PYTHONPATH=/home/buhrmann/ws_moveit/install/moveit_msgs/lib/python3.10/site-packages:/home/buhrmann/ws_moveit/install/moveit_configs_utils/lib/python3.10/site-packages:/home/buhrmann/ws_moveit/install/moveit_task_constructor_core/lib/python3.10/site-packages:/home/buhrmann/ws_moveit/install/ros2_azure_bridge/lib/python3.10/site-packages:/home/buhrmann/ws_moveit/install/moveit_task_constructor_msgs/lib/python3.10/site-packages:/home/buhrmann/ws_moveit/install/moveit_py/lib/python3.10/site-packages:/home/buhrmann/ws_moveit/install/common_services_package/lib/python3.10/site-packages:/opt/ros/iron/lib/python3.10/site-packages /usr/bin/cmake --build /home/buhrmann/ws_moveit/build/ur5_moveit_test -- -j28 -l28
