[01m[K/home/buhrmann/ws_moveit/src/edit_planning_scene/src/add_object_to_planning_scene.cpp:[m[K In constructor â€˜[01m[KAddObjectToPlanningScene::AddObjectToPlanningScene()[m[Kâ€™:
[01m[K/home/buhrmann/ws_moveit/src/edit_planning_scene/src/add_object_to_planning_scene.cpp:14:5:[m[K [01;31m[Kerror: [m[Kâ€˜[01m[Krobot_namespace_[m[Kâ€™ was not declared in this scope; did you mean â€˜[01m[Ksub_namespace_[m[Kâ€™?
   14 |     [01;31m[Krobot_namespace_[m[K = "/UR5";
      |     [01;31m[K^~~~~~~~~~~~~~~~[m[K
      |     [32m[Ksub_namespace_[m[K
gmake[2]: *** [CMakeFiles/add_object_to_planning_scene_node.dir/build.make:76: CMakeFiles/add_object_to_planning_scene_node.dir/src/add_object_to_planning_scene.cpp.o] Error 1
gmake[1]: *** [CMakeFiles/Makefile2:137: CMakeFiles/add_object_to_planning_scene_node.dir/all] Error 2
gmake: *** [Makefile:146: all] Error 2
